{"C:\\Users\\Jun\\Desktop\\markcloud-assignment\\src\\App.tsx": {"path":"C:\\Users\\Jun\\Desktop\\markcloud-assignment\\src\\App.tsx","statementMap":{"0":{"start":{"line":7,"column":12},"end":{"line":20,"column":1}},"1":{"start":{"line":8,"column":2},"end":{"line":19,"column":4}}},"fnMap":{"0":{"name":"(anonymous_0)","decl":{"start":{"line":7,"column":12},"end":{"line":7,"column":13}},"loc":{"start":{"line":7,"column":18},"end":{"line":20,"column":1}},"line":7}},"branchMap":{},"s":{"0":0,"1":0},"f":{"0":0},"b":{}}
,"C:\\Users\\Jun\\Desktop\\markcloud-assignment\\src\\components\\common\\index.ts": {"path":"C:\\Users\\Jun\\Desktop\\markcloud-assignment\\src\\components\\common\\index.ts","statementMap":{},"fnMap":{},"branchMap":{},"s":{},"f":{},"b":{}}
,"C:\\Users\\Jun\\Desktop\\markcloud-assignment\\src\\components\\common\\Button\\BUTTON_STYLES.ts": {"path":"C:\\Users\\Jun\\Desktop\\markcloud-assignment\\src\\components\\common\\Button\\BUTTON_STYLES.ts","statementMap":{"0":{"start":{"line":2,"column":2},"end":{"line":2,"column":184}},"1":{"start":{"line":4,"column":30},"end":{"line":9,"column":1}},"2":{"start":{"line":11,"column":27},"end":{"line":15,"column":1}}},"fnMap":{},"branchMap":{},"s":{"0":0,"1":0,"2":0},"f":{},"b":{}}
,"C:\\Users\\Jun\\Desktop\\markcloud-assignment\\src\\components\\common\\Button\\Button.tsx": {"path":"C:\\Users\\Jun\\Desktop\\markcloud-assignment\\src\\components\\common\\Button\\Button.tsx","statementMap":{"0":{"start":{"line":54,"column":15},"end":{"line":97,"column":1}},"1":{"start":{"line":62,"column":24},"end":{"line":67,"column":3}},"2":{"start":{"line":69,"column":2},"end":{"line":76,"column":3}},"3":{"start":{"line":70,"column":33},"end":{"line":70,"column":51}},"4":{"start":{"line":71,"column":4},"end":{"line":75,"column":6}},"5":{"start":{"line":78,"column":2},"end":{"line":87,"column":3}},"6":{"start":{"line":79,"column":4},"end":{"line":86,"column":6}},"7":{"start":{"line":89,"column":2},"end":{"line":96,"column":4}}},"fnMap":{"0":{"name":"(anonymous_0)","decl":{"start":{"line":54,"column":15},"end":{"line":54,"column":16}},"loc":{"start":{"line":61,"column":19},"end":{"line":97,"column":1}},"line":61}},"branchMap":{"0":{"loc":{"start":{"line":55,"column":2},"end":{"line":55,"column":21}},"type":"default-arg","locations":[{"start":{"line":55,"column":12},"end":{"line":55,"column":21}}],"line":55},"1":{"loc":{"start":{"line":56,"column":2},"end":{"line":56,"column":13}},"type":"default-arg","locations":[{"start":{"line":56,"column":9},"end":{"line":56,"column":13}}],"line":56},"2":{"loc":{"start":{"line":57,"column":2},"end":{"line":57,"column":16}},"type":"default-arg","locations":[{"start":{"line":57,"column":14},"end":{"line":57,"column":16}}],"line":57},"3":{"loc":{"start":{"line":69,"column":2},"end":{"line":76,"column":3}},"type":"if","locations":[{"start":{"line":69,"column":2},"end":{"line":76,"column":3}},{"start":{},"end":{}}],"line":69},"4":{"loc":{"start":{"line":78,"column":2},"end":{"line":87,"column":3}},"type":"if","locations":[{"start":{"line":78,"column":2},"end":{"line":87,"column":3}},{"start":{},"end":{}}],"line":78}},"s":{"0":0,"1":0,"2":0,"3":0,"4":0,"5":0,"6":0,"7":0},"f":{"0":0},"b":{"0":[0],"1":[0],"2":[0],"3":[0,0],"4":[0,0]}}
,"C:\\Users\\Jun\\Desktop\\markcloud-assignment\\src\\components\\common\\EmptyState\\BUTTON_STYLES.ts": {"path":"C:\\Users\\Jun\\Desktop\\markcloud-assignment\\src\\components\\common\\EmptyState\\BUTTON_STYLES.ts","statementMap":{"0":{"start":{"line":2,"column":2},"end":{"line":2,"column":217}}},"fnMap":{},"branchMap":{},"s":{"0":0},"f":{},"b":{}}
,"C:\\Users\\Jun\\Desktop\\markcloud-assignment\\src\\components\\common\\EmptyState\\EmptyState.tsx": {"path":"C:\\Users\\Jun\\Desktop\\markcloud-assignment\\src\\components\\common\\EmptyState\\EmptyState.tsx","statementMap":{"0":{"start":{"line":49,"column":19},"end":{"line":81,"column":1}},"1":{"start":{"line":50,"column":2},"end":{"line":80,"column":4}}},"fnMap":{"0":{"name":"(anonymous_0)","decl":{"start":{"line":49,"column":19},"end":{"line":49,"column":20}},"loc":{"start":{"line":49,"column":79},"end":{"line":81,"column":1}},"line":49}},"branchMap":{"0":{"loc":{"start":{"line":52,"column":7},"end":{"line":52,"column":63}},"type":"binary-expr","locations":[{"start":{"line":52,"column":7},"end":{"line":52,"column":11}},{"start":{"line":52,"column":15},"end":{"line":52,"column":63}}],"line":52},"1":{"loc":{"start":{"line":54,"column":7},"end":{"line":58,"column":7}},"type":"binary-expr","locations":[{"start":{"line":54,"column":7},"end":{"line":54,"column":18}},{"start":{"line":55,"column":8},"end":{"line":57,"column":12}}],"line":54},"2":{"loc":{"start":{"line":59,"column":7},"end":{"line":78,"column":7}},"type":"cond-expr","locations":[{"start":{"line":60,"column":8},"end":{"line":67,"column":17}},{"start":{"line":69,"column":8},"end":{"line":77,"column":17}}],"line":59}},"s":{"0":0,"1":0},"f":{"0":0},"b":{"0":[0,0],"1":[0,0],"2":[0,0]}}
,"C:\\Users\\Jun\\Desktop\\markcloud-assignment\\src\\components\\common\\ErrorMessage\\ErrorMessage.tsx": {"path":"C:\\Users\\Jun\\Desktop\\markcloud-assignment\\src\\components\\common\\ErrorMessage\\ErrorMessage.tsx","statementMap":{"0":{"start":{"line":44,"column":21},"end":{"line":71,"column":1}},"1":{"start":{"line":45,"column":2},"end":{"line":70,"column":4}}},"fnMap":{"0":{"name":"(anonymous_0)","decl":{"start":{"line":44,"column":21},"end":{"line":44,"column":22}},"loc":{"start":{"line":44,"column":66},"end":{"line":71,"column":1}},"line":44}},"branchMap":{"0":{"loc":{"start":{"line":56,"column":11},"end":{"line":66,"column":11}},"type":"binary-expr","locations":[{"start":{"line":56,"column":11},"end":{"line":56,"column":18}},{"start":{"line":57,"column":12},"end":{"line":65,"column":21}}],"line":56}},"s":{"0":0,"1":0},"f":{"0":0},"b":{"0":[0,0]}}
,"C:\\Users\\Jun\\Desktop\\markcloud-assignment\\src\\components\\common\\Icon\\Icon.tsx": {"path":"C:\\Users\\Jun\\Desktop\\markcloud-assignment\\src\\components\\common\\Icon\\Icon.tsx","statementMap":{"0":{"start":{"line":11,"column":14},"end":{"line":25,"column":1}},"1":{"start":{"line":12,"column":2},"end":{"line":24,"column":4}},"2":{"start":{"line":30,"column":17},"end":{"line":46,"column":1}},"3":{"start":{"line":31,"column":2},"end":{"line":45,"column":4}},"4":{"start":{"line":51,"column":18},"end":{"line":67,"column":1}},"5":{"start":{"line":52,"column":2},"end":{"line":66,"column":4}},"6":{"start":{"line":72,"column":19},"end":{"line":88,"column":1}},"7":{"start":{"line":73,"column":2},"end":{"line":87,"column":4}},"8":{"start":{"line":93,"column":13},"end":{"line":109,"column":1}},"9":{"start":{"line":94,"column":2},"end":{"line":108,"column":4}},"10":{"start":{"line":114,"column":14},"end":{"line":130,"column":1}},"11":{"start":{"line":115,"column":2},"end":{"line":129,"column":4}},"12":{"start":{"line":168,"column":20},"end":{"line":175,"column":1}}},"fnMap":{"0":{"name":"(anonymous_0)","decl":{"start":{"line":11,"column":14},"end":{"line":11,"column":15}},"loc":{"start":{"line":11,"column":44},"end":{"line":25,"column":1}},"line":11},"1":{"name":"(anonymous_1)","decl":{"start":{"line":30,"column":17},"end":{"line":30,"column":18}},"loc":{"start":{"line":30,"column":47},"end":{"line":46,"column":1}},"line":30},"2":{"name":"(anonymous_2)","decl":{"start":{"line":51,"column":18},"end":{"line":51,"column":19}},"loc":{"start":{"line":51,"column":48},"end":{"line":67,"column":1}},"line":51},"3":{"name":"(anonymous_3)","decl":{"start":{"line":72,"column":19},"end":{"line":72,"column":20}},"loc":{"start":{"line":72,"column":49},"end":{"line":88,"column":1}},"line":72},"4":{"name":"(anonymous_4)","decl":{"start":{"line":93,"column":13},"end":{"line":93,"column":14}},"loc":{"start":{"line":93,"column":43},"end":{"line":109,"column":1}},"line":93},"5":{"name":"(anonymous_5)","decl":{"start":{"line":114,"column":14},"end":{"line":114,"column":15}},"loc":{"start":{"line":114,"column":44},"end":{"line":130,"column":1}},"line":114}},"branchMap":{},"s":{"0":0,"1":0,"2":0,"3":0,"4":0,"5":0,"6":0,"7":0,"8":0,"9":0,"10":0,"11":0,"12":0},"f":{"0":0,"1":0,"2":0,"3":0,"4":0,"5":0},"b":{}}
,"C:\\Users\\Jun\\Desktop\\markcloud-assignment\\src\\components\\common\\Input\\Input.tsx": {"path":"C:\\Users\\Jun\\Desktop\\markcloud-assignment\\src\\components\\common\\Input\\Input.tsx","statementMap":{"0":{"start":{"line":55,"column":14},"end":{"line":77,"column":1}},"1":{"start":{"line":57,"column":4},"end":{"line":75,"column":6}},"2":{"start":{"line":79,"column":0},"end":{"line":79,"column":28}}},"fnMap":{"0":{"name":"(anonymous_0)","decl":{"start":{"line":56,"column":2},"end":{"line":56,"column":3}},"loc":{"start":{"line":56,"column":55},"end":{"line":76,"column":3}},"line":56}},"branchMap":{"0":{"loc":{"start":{"line":56,"column":19},"end":{"line":56,"column":33}},"type":"default-arg","locations":[{"start":{"line":56,"column":31},"end":{"line":56,"column":33}}],"line":56},"1":{"loc":{"start":{"line":59,"column":9},"end":{"line":63,"column":9}},"type":"binary-expr","locations":[{"start":{"line":59,"column":9},"end":{"line":59,"column":14}},{"start":{"line":60,"column":10},"end":{"line":62,"column":18}}],"line":59},"2":{"loc":{"start":{"line":68,"column":12},"end":{"line":68,"column":56}},"type":"cond-expr","locations":[{"start":{"line":68,"column":20},"end":{"line":68,"column":36}},{"start":{"line":68,"column":39},"end":{"line":68,"column":56}}],"line":68},"3":{"loc":{"start":{"line":73,"column":9},"end":{"line":73,"column":70}},"type":"binary-expr","locations":[{"start":{"line":73,"column":9},"end":{"line":73,"column":14}},{"start":{"line":73,"column":18},"end":{"line":73,"column":70}}],"line":73}},"s":{"0":0,"1":0,"2":0},"f":{"0":0},"b":{"0":[0],"1":[0,0],"2":[0,0],"3":[0,0]}}
,"C:\\Users\\Jun\\Desktop\\markcloud-assignment\\src\\components\\common\\Modal\\MODAL_STYLES.ts": {"path":"C:\\Users\\Jun\\Desktop\\markcloud-assignment\\src\\components\\common\\Modal\\MODAL_STYLES.ts","statementMap":{"0":{"start":{"line":1,"column":27},"end":{"line":6,"column":1}}},"fnMap":{},"branchMap":{},"s":{"0":0},"f":{},"b":{}}
,"C:\\Users\\Jun\\Desktop\\markcloud-assignment\\src\\components\\common\\Modal\\Modal.tsx": {"path":"C:\\Users\\Jun\\Desktop\\markcloud-assignment\\src\\components\\common\\Modal\\Modal.tsx","statementMap":{"0":{"start":{"line":79,"column":14},"end":{"line":136,"column":1}},"1":{"start":{"line":86,"column":2},"end":{"line":95,"column":15}},"2":{"start":{"line":87,"column":4},"end":{"line":91,"column":5}},"3":{"start":{"line":88,"column":6},"end":{"line":88,"column":46}},"4":{"start":{"line":90,"column":6},"end":{"line":90,"column":45}},"5":{"start":{"line":92,"column":4},"end":{"line":94,"column":6}},"6":{"start":{"line":93,"column":6},"end":{"line":93,"column":45}},"7":{"start":{"line":97,"column":2},"end":{"line":97,"column":27}},"8":{"start":{"line":97,"column":15},"end":{"line":97,"column":27}},"9":{"start":{"line":99,"column":2},"end":{"line":135,"column":4}},"10":{"start":{"line":113,"column":26},"end":{"line":113,"column":45}}},"fnMap":{"0":{"name":"(anonymous_0)","decl":{"start":{"line":79,"column":14},"end":{"line":79,"column":15}},"loc":{"start":{"line":85,"column":18},"end":{"line":136,"column":1}},"line":85},"1":{"name":"(anonymous_1)","decl":{"start":{"line":86,"column":12},"end":{"line":86,"column":13}},"loc":{"start":{"line":86,"column":18},"end":{"line":95,"column":3}},"line":86},"2":{"name":"(anonymous_2)","decl":{"start":{"line":92,"column":11},"end":{"line":92,"column":12}},"loc":{"start":{"line":92,"column":17},"end":{"line":94,"column":5}},"line":92},"3":{"name":"(anonymous_3)","decl":{"start":{"line":113,"column":19},"end":{"line":113,"column":20}},"loc":{"start":{"line":113,"column":26},"end":{"line":113,"column":45}},"line":113}},"branchMap":{"0":{"loc":{"start":{"line":84,"column":2},"end":{"line":84,"column":13}},"type":"default-arg","locations":[{"start":{"line":84,"column":9},"end":{"line":84,"column":13}}],"line":84},"1":{"loc":{"start":{"line":87,"column":4},"end":{"line":91,"column":5}},"type":"if","locations":[{"start":{"line":87,"column":4},"end":{"line":91,"column":5}},{"start":{"line":89,"column":11},"end":{"line":91,"column":5}}],"line":87},"2":{"loc":{"start":{"line":97,"column":2},"end":{"line":97,"column":27}},"type":"if","locations":[{"start":{"line":97,"column":2},"end":{"line":97,"column":27}},{"start":{},"end":{}}],"line":97},"3":{"loc":{"start":{"line":115,"column":11},"end":{"line":119,"column":11}},"type":"binary-expr","locations":[{"start":{"line":115,"column":11},"end":{"line":115,"column":16}},{"start":{"line":116,"column":12},"end":{"line":118,"column":18}}],"line":115}},"s":{"0":0,"1":0,"2":0,"3":0,"4":0,"5":0,"6":0,"7":0,"8":0,"9":0,"10":0},"f":{"0":0,"1":0,"2":0,"3":0},"b":{"0":[0],"1":[0,0],"2":[0,0],"3":[0,0]}}
,"C:\\Users\\Jun\\Desktop\\markcloud-assignment\\src\\components\\common\\PageHeader\\PageHeader.tsx": {"path":"C:\\Users\\Jun\\Desktop\\markcloud-assignment\\src\\components\\common\\PageHeader\\PageHeader.tsx","statementMap":{"0":{"start":{"line":47,"column":19},"end":{"line":70,"column":1}},"1":{"start":{"line":48,"column":2},"end":{"line":69,"column":4}}},"fnMap":{"0":{"name":"(anonymous_0)","decl":{"start":{"line":47,"column":19},"end":{"line":47,"column":20}},"loc":{"start":{"line":47,"column":64},"end":{"line":70,"column":1}},"line":47}},"branchMap":{"0":{"loc":{"start":{"line":58,"column":7},"end":{"line":67,"column":7}},"type":"binary-expr","locations":[{"start":{"line":58,"column":7},"end":{"line":58,"column":18}},{"start":{"line":59,"column":8},"end":{"line":66,"column":12}}],"line":58}},"s":{"0":0,"1":0},"f":{"0":0},"b":{"0":[0,0]}}
,"C:\\Users\\Jun\\Desktop\\markcloud-assignment\\src\\components\\common\\TopScrollButton\\TopScrollButton.tsx": {"path":"C:\\Users\\Jun\\Desktop\\markcloud-assignment\\src\\components\\common\\TopScrollButton\\TopScrollButton.tsx","statementMap":{"0":{"start":{"line":24,"column":24},"end":{"line":67,"column":1}},"1":{"start":{"line":29,"column":36},"end":{"line":29,"column":51}},"2":{"start":{"line":31,"column":2},"end":{"line":44,"column":9}},"3":{"start":{"line":32,"column":25},"end":{"line":35,"column":5}},"4":{"start":{"line":33,"column":22},"end":{"line":33,"column":74}},"5":{"start":{"line":34,"column":6},"end":{"line":34,"column":46}},"6":{"start":{"line":37,"column":4},"end":{"line":37,"column":19}},"7":{"start":{"line":39,"column":4},"end":{"line":39,"column":71}},"8":{"start":{"line":41,"column":4},"end":{"line":43,"column":6}},"9":{"start":{"line":42,"column":6},"end":{"line":42,"column":57}},"10":{"start":{"line":46,"column":22},"end":{"line":51,"column":3}},"11":{"start":{"line":47,"column":4},"end":{"line":50,"column":7}},"12":{"start":{"line":53,"column":2},"end":{"line":53,"column":30}},"13":{"start":{"line":53,"column":18},"end":{"line":53,"column":30}},"14":{"start":{"line":55,"column":2},"end":{"line":66,"column":4}}},"fnMap":{"0":{"name":"(anonymous_0)","decl":{"start":{"line":24,"column":24},"end":{"line":24,"column":25}},"loc":{"start":{"line":28,"column":6},"end":{"line":67,"column":1}},"line":28},"1":{"name":"(anonymous_1)","decl":{"start":{"line":31,"column":12},"end":{"line":31,"column":13}},"loc":{"start":{"line":31,"column":18},"end":{"line":44,"column":3}},"line":31},"2":{"name":"(anonymous_2)","decl":{"start":{"line":32,"column":25},"end":{"line":32,"column":26}},"loc":{"start":{"line":32,"column":31},"end":{"line":35,"column":5}},"line":32},"3":{"name":"(anonymous_3)","decl":{"start":{"line":41,"column":11},"end":{"line":41,"column":12}},"loc":{"start":{"line":41,"column":17},"end":{"line":43,"column":5}},"line":41},"4":{"name":"(anonymous_4)","decl":{"start":{"line":46,"column":22},"end":{"line":46,"column":23}},"loc":{"start":{"line":46,"column":28},"end":{"line":51,"column":3}},"line":46}},"branchMap":{"0":{"loc":{"start":{"line":25,"column":2},"end":{"line":25,"column":23}},"type":"default-arg","locations":[{"start":{"line":25,"column":20},"end":{"line":25,"column":23}}],"line":25},"1":{"loc":{"start":{"line":33,"column":22},"end":{"line":33,"column":74}},"type":"binary-expr","locations":[{"start":{"line":33,"column":22},"end":{"line":33,"column":36}},{"start":{"line":33,"column":40},"end":{"line":33,"column":74}}],"line":33},"2":{"loc":{"start":{"line":53,"column":2},"end":{"line":53,"column":30}},"type":"if","locations":[{"start":{"line":53,"column":2},"end":{"line":53,"column":30}},{"start":{},"end":{}}],"line":53}},"s":{"0":0,"1":0,"2":0,"3":0,"4":0,"5":0,"6":0,"7":0,"8":0,"9":0,"10":0,"11":0,"12":0,"13":0,"14":0},"f":{"0":0,"1":0,"2":0,"3":0,"4":0},"b":{"0":[0],"1":[0,0],"2":[0,0]}}
,"C:\\Users\\Jun\\Desktop\\markcloud-assignment\\src\\components\\domain\\index.ts": {"path":"C:\\Users\\Jun\\Desktop\\markcloud-assignment\\src\\components\\domain\\index.ts","statementMap":{},"fnMap":{},"branchMap":{},"s":{},"f":{},"b":{}}
,"C:\\Users\\Jun\\Desktop\\markcloud-assignment\\src\\components\\domain\\Favorite\\FavoritesView\\FavoritesView.tsx": {"path":"C:\\Users\\Jun\\Desktop\\markcloud-assignment\\src\\components\\domain\\Favorite\\FavoritesView\\FavoritesView.tsx","statementMap":{"0":{"start":{"line":9,"column":22},"end":{"line":61,"column":1}},"1":{"start":{"line":10,"column":35},"end":{"line":10,"column":49}},"2":{"start":{"line":12,"column":4},"end":{"line":12,"column":46}},"3":{"start":{"line":14,"column":2},"end":{"line":60,"column":4}},"4":{"start":{"line":41,"column":12},"end":{"line":45,"column":14}},"5":{"start":{"line":44,"column":29},"end":{"line":44,"column":60}},"6":{"start":{"line":57,"column":23},"end":{"line":57,"column":49}}},"fnMap":{"0":{"name":"(anonymous_0)","decl":{"start":{"line":9,"column":22},"end":{"line":9,"column":23}},"loc":{"start":{"line":9,"column":28},"end":{"line":61,"column":1}},"line":9},"1":{"name":"(anonymous_1)","decl":{"start":{"line":40,"column":24},"end":{"line":40,"column":25}},"loc":{"start":{"line":41,"column":12},"end":{"line":45,"column":14}},"line":41},"2":{"name":"(anonymous_2)","decl":{"start":{"line":44,"column":23},"end":{"line":44,"column":24}},"loc":{"start":{"line":44,"column":29},"end":{"line":44,"column":60}},"line":44},"3":{"name":"(anonymous_3)","decl":{"start":{"line":57,"column":17},"end":{"line":57,"column":18}},"loc":{"start":{"line":57,"column":23},"end":{"line":57,"column":49}},"line":57}},"branchMap":{"0":{"loc":{"start":{"line":24,"column":11},"end":{"line":26,"column":11}},"type":"binary-expr","locations":[{"start":{"line":24,"column":11},"end":{"line":24,"column":21}},{"start":{"line":24,"column":25},"end":{"line":24,"column":45}},{"start":{"line":25,"column":12},"end":{"line":25,"column":45}}],"line":24},"1":{"loc":{"start":{"line":37,"column":9},"end":{"line":47,"column":9}},"type":"cond-expr","locations":[{"start":{"line":38,"column":10},"end":{"line":38,"column":46}},{"start":{"line":40,"column":10},"end":{"line":46,"column":12}}],"line":37},"2":{"loc":{"start":{"line":49,"column":7},"end":{"line":54,"column":7}},"type":"binary-expr","locations":[{"start":{"line":49,"column":7},"end":{"line":49,"column":29}},{"start":{"line":49,"column":33},"end":{"line":49,"column":43}},{"start":{"line":50,"column":8},"end":{"line":53,"column":10}}],"line":49}},"s":{"0":0,"1":0,"2":0,"3":0,"4":0,"5":0,"6":0},"f":{"0":0,"1":0,"2":0,"3":0},"b":{"0":[0,0,0],"1":[0,0],"2":[0,0,0]}}
,"C:\\Users\\Jun\\Desktop\\markcloud-assignment\\src\\components\\domain\\Statistics\\ProductCategoryChart\\ProductCategoryChart.tsx": {"path":"C:\\Users\\Jun\\Desktop\\markcloud-assignment\\src\\components\\domain\\Statistics\\ProductCategoryChart\\ProductCategoryChart.tsx","statementMap":{"0":{"start":{"line":20,"column":29},"end":{"line":54,"column":1}},"1":{"start":{"line":24,"column":24},"end":{"line":24,"column":54}},"2":{"start":{"line":26,"column":2},"end":{"line":53,"column":4}},"3":{"start":{"line":39,"column":29},"end":{"line":39,"column":56}},"4":{"start":{"line":40,"column":27},"end":{"line":40,"column":49}},"5":{"start":{"line":41,"column":12},"end":{"line":48,"column":14}}},"fnMap":{"0":{"name":"(anonymous_0)","decl":{"start":{"line":20,"column":29},"end":{"line":20,"column":30}},"loc":{"start":{"line":23,"column":33},"end":{"line":54,"column":1}},"line":23},"1":{"name":"(anonymous_1)","decl":{"start":{"line":38,"column":25},"end":{"line":38,"column":26}},"loc":{"start":{"line":38,"column":38},"end":{"line":49,"column":11}},"line":38}},"branchMap":{},"s":{"0":0,"1":0,"2":0,"3":0,"4":0,"5":0},"f":{"0":0,"1":0},"b":{}}
,"C:\\Users\\Jun\\Desktop\\markcloud-assignment\\src\\components\\domain\\Statistics\\RegistrationDurationChart\\RegistrationDurationChart.tsx": {"path":"C:\\Users\\Jun\\Desktop\\markcloud-assignment\\src\\components\\domain\\Statistics\\RegistrationDurationChart\\RegistrationDurationChart.tsx","statementMap":{"0":{"start":{"line":20,"column":34},"end":{"line":54,"column":1}},"1":{"start":{"line":24,"column":24},"end":{"line":24,"column":54}},"2":{"start":{"line":26,"column":2},"end":{"line":53,"column":4}},"3":{"start":{"line":39,"column":29},"end":{"line":39,"column":56}},"4":{"start":{"line":40,"column":27},"end":{"line":40,"column":49}},"5":{"start":{"line":41,"column":12},"end":{"line":48,"column":14}}},"fnMap":{"0":{"name":"(anonymous_0)","decl":{"start":{"line":20,"column":34},"end":{"line":20,"column":35}},"loc":{"start":{"line":23,"column":38},"end":{"line":54,"column":1}},"line":23},"1":{"name":"(anonymous_1)","decl":{"start":{"line":38,"column":25},"end":{"line":38,"column":26}},"loc":{"start":{"line":38,"column":38},"end":{"line":49,"column":11}},"line":38}},"branchMap":{},"s":{"0":0,"1":0,"2":0,"3":0,"4":0,"5":0},"f":{"0":0,"1":0},"b":{}}
,"C:\\Users\\Jun\\Desktop\\markcloud-assignment\\src\\components\\domain\\Statistics\\StatisticsSkeleton\\StatisticsSkeleton.tsx": {"path":"C:\\Users\\Jun\\Desktop\\markcloud-assignment\\src\\components\\domain\\Statistics\\StatisticsSkeleton\\StatisticsSkeleton.tsx","statementMap":{"0":{"start":{"line":1,"column":27},"end":{"line":19,"column":1}},"1":{"start":{"line":2,"column":2},"end":{"line":18,"column":4}},"2":{"start":{"line":5,"column":8},"end":{"line":15,"column":14}}},"fnMap":{"0":{"name":"(anonymous_0)","decl":{"start":{"line":1,"column":27},"end":{"line":1,"column":28}},"loc":{"start":{"line":1,"column":33},"end":{"line":19,"column":1}},"line":1},"1":{"name":"(anonymous_1)","decl":{"start":{"line":4,"column":37},"end":{"line":4,"column":38}},"loc":{"start":{"line":5,"column":8},"end":{"line":15,"column":14}},"line":5}},"branchMap":{},"s":{"0":0,"1":0,"2":0},"f":{"0":0,"1":0},"b":{}}
,"C:\\Users\\Jun\\Desktop\\markcloud-assignment\\src\\components\\domain\\Statistics\\StatusDistributionChart\\StatusDistributionChart.tsx": {"path":"C:\\Users\\Jun\\Desktop\\markcloud-assignment\\src\\components\\domain\\Statistics\\StatusDistributionChart\\StatusDistributionChart.tsx","statementMap":{"0":{"start":{"line":20,"column":32},"end":{"line":54,"column":1}},"1":{"start":{"line":24,"column":24},"end":{"line":24,"column":54}},"2":{"start":{"line":26,"column":2},"end":{"line":53,"column":4}},"3":{"start":{"line":39,"column":29},"end":{"line":39,"column":56}},"4":{"start":{"line":40,"column":27},"end":{"line":40,"column":49}},"5":{"start":{"line":41,"column":12},"end":{"line":48,"column":14}}},"fnMap":{"0":{"name":"(anonymous_0)","decl":{"start":{"line":20,"column":32},"end":{"line":20,"column":33}},"loc":{"start":{"line":23,"column":36},"end":{"line":54,"column":1}},"line":23},"1":{"name":"(anonymous_1)","decl":{"start":{"line":38,"column":25},"end":{"line":38,"column":26}},"loc":{"start":{"line":38,"column":38},"end":{"line":49,"column":11}},"line":38}},"branchMap":{},"s":{"0":0,"1":0,"2":0,"3":0,"4":0,"5":0},"f":{"0":0,"1":0},"b":{}}
,"C:\\Users\\Jun\\Desktop\\markcloud-assignment\\src\\components\\domain\\Statistics\\YearlyTrendChart\\YearlyTrendChart.tsx": {"path":"C:\\Users\\Jun\\Desktop\\markcloud-assignment\\src\\components\\domain\\Statistics\\YearlyTrendChart\\YearlyTrendChart.tsx","statementMap":{"0":{"start":{"line":20,"column":25},"end":{"line":61,"column":1}},"1":{"start":{"line":21,"column":24},"end":{"line":21,"column":54}},"2":{"start":{"line":23,"column":2},"end":{"line":60,"column":4}},"3":{"start":{"line":36,"column":29},"end":{"line":36,"column":56}},"4":{"start":{"line":37,"column":27},"end":{"line":37,"column":49}},"5":{"start":{"line":38,"column":12},"end":{"line":55,"column":14}}},"fnMap":{"0":{"name":"(anonymous_0)","decl":{"start":{"line":20,"column":25},"end":{"line":20,"column":26}},"loc":{"start":{"line":20,"column":73},"end":{"line":61,"column":1}},"line":20},"1":{"name":"(anonymous_1)","decl":{"start":{"line":35,"column":29},"end":{"line":35,"column":30}},"loc":{"start":{"line":35,"column":42},"end":{"line":56,"column":11}},"line":35}},"branchMap":{},"s":{"0":0,"1":0,"2":0,"3":0,"4":0,"5":0},"f":{"0":0,"1":0},"b":{}}
,"C:\\Users\\Jun\\Desktop\\markcloud-assignment\\src\\components\\domain\\Trademark\\TrademarkDetailModal\\TrademarkDetailModal.tsx": {"path":"C:\\Users\\Jun\\Desktop\\markcloud-assignment\\src\\components\\domain\\Trademark\\TrademarkDetailModal\\TrademarkDetailModal.tsx","statementMap":{"0":{"start":{"line":17,"column":29},"end":{"line":112,"column":1}},"1":{"start":{"line":21,"column":2},"end":{"line":21,"column":30}},"2":{"start":{"line":21,"column":18},"end":{"line":21,"column":30}},"3":{"start":{"line":23,"column":26},"end":{"line":23,"column":63}},"4":{"start":{"line":26,"column":22},"end":{"line":26,"column":49}},"5":{"start":{"line":27,"column":28},"end":{"line":27,"column":61}},"6":{"start":{"line":28,"column":29},"end":{"line":28,"column":63}},"7":{"start":{"line":29,"column":28},"end":{"line":29,"column":61}},"8":{"start":{"line":31,"column":2},"end":{"line":111,"column":4}},"9":{"start":{"line":61,"column":14},"end":{"line":61,"column":50}},"10":{"start":{"line":75,"column":37},"end":{"line":75,"column":48}},"11":{"start":{"line":77,"column":20},"end":{"line":77,"column":62}},"12":{"start":{"line":92,"column":18},"end":{"line":92,"column":61}},"13":{"start":{"line":105,"column":14},"end":{"line":105,"column":52}}},"fnMap":{"0":{"name":"(anonymous_0)","decl":{"start":{"line":17,"column":29},"end":{"line":17,"column":30}},"loc":{"start":{"line":20,"column":33},"end":{"line":112,"column":1}},"line":20},"1":{"name":"(anonymous_1)","decl":{"start":{"line":60,"column":29},"end":{"line":60,"column":30}},"loc":{"start":{"line":61,"column":14},"end":{"line":61,"column":50}},"line":61},"2":{"name":"(anonymous_2)","decl":{"start":{"line":75,"column":26},"end":{"line":75,"column":27}},"loc":{"start":{"line":75,"column":37},"end":{"line":75,"column":48}},"line":75},"3":{"name":"(anonymous_3)","decl":{"start":{"line":76,"column":23},"end":{"line":76,"column":24}},"loc":{"start":{"line":77,"column":20},"end":{"line":77,"column":62}},"line":77},"4":{"name":"(anonymous_4)","decl":{"start":{"line":91,"column":40},"end":{"line":91,"column":41}},"loc":{"start":{"line":92,"column":18},"end":{"line":92,"column":61}},"line":92},"5":{"name":"(anonymous_5)","decl":{"start":{"line":104,"column":35},"end":{"line":104,"column":36}},"loc":{"start":{"line":105,"column":14},"end":{"line":105,"column":52}},"line":105}},"branchMap":{"0":{"loc":{"start":{"line":21,"column":2},"end":{"line":21,"column":30}},"type":"if","locations":[{"start":{"line":21,"column":2},"end":{"line":21,"column":30}},{"start":{},"end":{}}],"line":21},"1":{"loc":{"start":{"line":67,"column":9},"end":{"line":81,"column":11}},"type":"binary-expr","locations":[{"start":{"line":67,"column":9},"end":{"line":67,"column":64}},{"start":{"line":68,"column":10},"end":{"line":68,"column":37}},{"start":{"line":69,"column":12},"end":{"line":80,"column":22}}],"line":67},"2":{"loc":{"start":{"line":84,"column":9},"end":{"line":96,"column":11}},"type":"binary-expr","locations":[{"start":{"line":84,"column":9},"end":{"line":84,"column":37}},{"start":{"line":85,"column":10},"end":{"line":85,"column":49}},{"start":{"line":86,"column":12},"end":{"line":95,"column":22}}],"line":84}},"s":{"0":0,"1":0,"2":0,"3":0,"4":0,"5":0,"6":0,"7":0,"8":0,"9":0,"10":0,"11":0,"12":0,"13":0},"f":{"0":0,"1":0,"2":0,"3":0,"4":0,"5":0},"b":{"0":[0,0],"1":[0,0,0],"2":[0,0,0]}}
,"C:\\Users\\Jun\\Desktop\\markcloud-assignment\\src\\components\\domain\\Trademark\\TrademarkDetailModal\\fieldConfig.ts": {"path":"C:\\Users\\Jun\\Desktop\\markcloud-assignment\\src\\components\\domain\\Trademark\\TrademarkDetailModal\\fieldConfig.ts","statementMap":{"0":{"start":{"line":14,"column":32},"end":{"line":45,"column":1}},"1":{"start":{"line":17,"column":2},"end":{"line":44,"column":4}},"2":{"start":{"line":22,"column":23},"end":{"line":22,"column":44}},"3":{"start":{"line":24,"column":10},"end":{"line":27,"column":16}},"4":{"start":{"line":28,"column":8},"end":{"line":28,"column":64}},"5":{"start":{"line":42,"column":47},"end":{"line":42,"column":74}},"6":{"start":{"line":47,"column":38},"end":{"line":69,"column":1}},"7":{"start":{"line":50,"column":2},"end":{"line":68,"column":4}},"8":{"start":{"line":59,"column":47},"end":{"line":59,"column":74}},"9":{"start":{"line":63,"column":6},"end":{"line":67,"column":7}},"10":{"start":{"line":71,"column":39},"end":{"line":109,"column":1}},"11":{"start":{"line":74,"column":2},"end":{"line":108,"column":4}},"12":{"start":{"line":98,"column":47},"end":{"line":98,"column":74}},"13":{"start":{"line":102,"column":6},"end":{"line":107,"column":10}},"14":{"start":{"line":111,"column":38},"end":{"line":138,"column":1}},"15":{"start":{"line":114,"column":2},"end":{"line":137,"column":4}},"16":{"start":{"line":131,"column":6},"end":{"line":136,"column":10}}},"fnMap":{"0":{"name":"(anonymous_0)","decl":{"start":{"line":14,"column":32},"end":{"line":14,"column":33}},"loc":{"start":{"line":16,"column":20},"end":{"line":45,"column":1}},"line":16},"1":{"name":"(anonymous_1)","decl":{"start":{"line":21,"column":17},"end":{"line":21,"column":18}},"loc":{"start":{"line":21,"column":23},"end":{"line":29,"column":7}},"line":21},"2":{"name":"(anonymous_2)","decl":{"start":{"line":42,"column":17},"end":{"line":42,"column":18}},"loc":{"start":{"line":42,"column":47},"end":{"line":42,"column":74}},"line":42},"3":{"name":"(anonymous_3)","decl":{"start":{"line":47,"column":38},"end":{"line":47,"column":39}},"loc":{"start":{"line":49,"column":20},"end":{"line":69,"column":1}},"line":49},"4":{"name":"(anonymous_4)","decl":{"start":{"line":59,"column":17},"end":{"line":59,"column":18}},"loc":{"start":{"line":59,"column":47},"end":{"line":59,"column":74}},"line":59},"5":{"name":"(anonymous_5)","decl":{"start":{"line":62,"column":4},"end":{"line":62,"column":5}},"loc":{"start":{"line":63,"column":6},"end":{"line":67,"column":7}},"line":63},"6":{"name":"(anonymous_6)","decl":{"start":{"line":71,"column":39},"end":{"line":71,"column":40}},"loc":{"start":{"line":73,"column":20},"end":{"line":109,"column":1}},"line":73},"7":{"name":"(anonymous_7)","decl":{"start":{"line":98,"column":17},"end":{"line":98,"column":18}},"loc":{"start":{"line":98,"column":47},"end":{"line":98,"column":74}},"line":98},"8":{"name":"(anonymous_8)","decl":{"start":{"line":101,"column":4},"end":{"line":101,"column":5}},"loc":{"start":{"line":102,"column":6},"end":{"line":107,"column":10}},"line":102},"9":{"name":"(anonymous_9)","decl":{"start":{"line":111,"column":38},"end":{"line":111,"column":39}},"loc":{"start":{"line":113,"column":20},"end":{"line":138,"column":1}},"line":113},"10":{"name":"(anonymous_10)","decl":{"start":{"line":130,"column":4},"end":{"line":130,"column":5}},"loc":{"start":{"line":131,"column":6},"end":{"line":136,"column":10}},"line":131}},"branchMap":{"0":{"loc":{"start":{"line":24,"column":10},"end":{"line":27,"column":16}},"type":"cond-expr","locations":[{"start":{"line":26,"column":14},"end":{"line":26,"column":42}},{"start":{"line":27,"column":14},"end":{"line":27,"column":16}}],"line":24},"1":{"loc":{"start":{"line":24,"column":10},"end":{"line":25,"column":57}},"type":"binary-expr","locations":[{"start":{"line":24,"column":10},"end":{"line":24,"column":31}},{"start":{"line":25,"column":10},"end":{"line":25,"column":57}}],"line":24},"2":{"loc":{"start":{"line":28,"column":25},"end":{"line":28,"column":62}},"type":"cond-expr","locations":[{"start":{"line":28,"column":39},"end":{"line":28,"column":57}},{"start":{"line":28,"column":60},"end":{"line":28,"column":62}}],"line":28},"3":{"loc":{"start":{"line":58,"column":13},"end":{"line":58,"column":46}},"type":"binary-expr","locations":[{"start":{"line":58,"column":13},"end":{"line":58,"column":38}},{"start":{"line":58,"column":42},"end":{"line":58,"column":46}}],"line":58},"4":{"loc":{"start":{"line":63,"column":6},"end":{"line":67,"column":7}},"type":"binary-expr","locations":[{"start":{"line":63,"column":6},"end":{"line":63,"column":21}},{"start":{"line":64,"column":6},"end":{"line":67,"column":7}}],"line":63},"5":{"loc":{"start":{"line":78,"column":8},"end":{"line":80,"column":16}},"type":"cond-expr","locations":[{"start":{"line":79,"column":12},"end":{"line":79,"column":51}},{"start":{"line":80,"column":12},"end":{"line":80,"column":16}}],"line":78},"6":{"loc":{"start":{"line":78,"column":8},"end":{"line":78,"column":79}},"type":"binary-expr","locations":[{"start":{"line":78,"column":8},"end":{"line":78,"column":36}},{"start":{"line":78,"column":40},"end":{"line":78,"column":79}}],"line":78},"7":{"loc":{"start":{"line":85,"column":8},"end":{"line":87,"column":16}},"type":"cond-expr","locations":[{"start":{"line":86,"column":12},"end":{"line":86,"column":65}},{"start":{"line":87,"column":12},"end":{"line":87,"column":16}}],"line":85},"8":{"loc":{"start":{"line":85,"column":8},"end":{"line":85,"column":75}},"type":"binary-expr","locations":[{"start":{"line":85,"column":8},"end":{"line":85,"column":34}},{"start":{"line":85,"column":38},"end":{"line":85,"column":75}}],"line":85},"9":{"loc":{"start":{"line":102,"column":6},"end":{"line":107,"column":10}},"type":"binary-expr","locations":[{"start":{"line":102,"column":6},"end":{"line":102,"column":17}},{"start":{"line":103,"column":7},"end":{"line":103,"column":22}},{"start":{"line":104,"column":8},"end":{"line":107,"column":9}}],"line":102},"10":{"loc":{"start":{"line":121,"column":13},"end":{"line":121,"column":64}},"type":"binary-expr","locations":[{"start":{"line":121,"column":13},"end":{"line":121,"column":56}},{"start":{"line":121,"column":60},"end":{"line":121,"column":64}}],"line":121},"11":{"loc":{"start":{"line":126,"column":13},"end":{"line":126,"column":68}},"type":"binary-expr","locations":[{"start":{"line":126,"column":13},"end":{"line":126,"column":60}},{"start":{"line":126,"column":64},"end":{"line":126,"column":68}}],"line":126},"12":{"loc":{"start":{"line":131,"column":6},"end":{"line":136,"column":10}},"type":"binary-expr","locations":[{"start":{"line":131,"column":6},"end":{"line":131,"column":17}},{"start":{"line":132,"column":7},"end":{"line":132,"column":22}},{"start":{"line":133,"column":8},"end":{"line":136,"column":9}}],"line":131}},"s":{"0":0,"1":0,"2":0,"3":0,"4":0,"5":0,"6":0,"7":0,"8":0,"9":0,"10":0,"11":0,"12":0,"13":0,"14":0,"15":0,"16":0},"f":{"0":0,"1":0,"2":0,"3":0,"4":0,"5":0,"6":0,"7":0,"8":0,"9":0,"10":0},"b":{"0":[0,0],"1":[0,0],"2":[0,0],"3":[0,0],"4":[0,0],"5":[0,0],"6":[0,0],"7":[0,0],"8":[0,0],"9":[0,0,0],"10":[0,0],"11":[0,0],"12":[0,0,0]}}
,"C:\\Users\\Jun\\Desktop\\markcloud-assignment\\src\\components\\domain\\Trademark\\TrademarkDetailModal\\renderField.tsx": {"path":"C:\\Users\\Jun\\Desktop\\markcloud-assignment\\src\\components\\domain\\Trademark\\TrademarkDetailModal\\renderField.tsx","statementMap":{"0":{"start":{"line":3,"column":27},"end":{"line":34,"column":1}},"1":{"start":{"line":4,"column":2},"end":{"line":4,"column":32}},"2":{"start":{"line":4,"column":20},"end":{"line":4,"column":32}},"3":{"start":{"line":6,"column":23},"end":{"line":10,"column":17}},"4":{"start":{"line":13,"column":2},"end":{"line":24,"column":3}},"5":{"start":{"line":14,"column":18},"end":{"line":14,"column":42}},"6":{"start":{"line":15,"column":4},"end":{"line":23,"column":6}},"7":{"start":{"line":26,"column":2},"end":{"line":33,"column":4}}},"fnMap":{"0":{"name":"(anonymous_0)","decl":{"start":{"line":3,"column":27},"end":{"line":3,"column":28}},"loc":{"start":{"line":3,"column":64},"end":{"line":34,"column":1}},"line":3}},"branchMap":{"0":{"loc":{"start":{"line":4,"column":2},"end":{"line":4,"column":32}},"type":"if","locations":[{"start":{"line":4,"column":2},"end":{"line":4,"column":32}},{"start":{},"end":{}}],"line":4},"1":{"loc":{"start":{"line":6,"column":23},"end":{"line":10,"column":17}},"type":"cond-expr","locations":[{"start":{"line":7,"column":6},"end":{"line":7,"column":34}},{"start":{"line":8,"column":6},"end":{"line":10,"column":17}}],"line":6},"2":{"loc":{"start":{"line":8,"column":6},"end":{"line":10,"column":17}},"type":"cond-expr","locations":[{"start":{"line":9,"column":6},"end":{"line":9,"column":28}},{"start":{"line":10,"column":6},"end":{"line":10,"column":17}}],"line":8},"3":{"loc":{"start":{"line":13,"column":2},"end":{"line":24,"column":3}},"type":"if","locations":[{"start":{"line":13,"column":2},"end":{"line":24,"column":3}},{"start":{},"end":{}}],"line":13},"4":{"loc":{"start":{"line":21,"column":9},"end":{"line":21,"column":77}},"type":"binary-expr","locations":[{"start":{"line":21,"column":9},"end":{"line":21,"column":17}},{"start":{"line":21,"column":21},"end":{"line":21,"column":77}}],"line":21}},"s":{"0":0,"1":0,"2":0,"3":0,"4":0,"5":0,"6":0,"7":0},"f":{"0":0},"b":{"0":[0,0],"1":[0,0],"2":[0,0],"3":[0,0],"4":[0,0]}}
,"C:\\Users\\Jun\\Desktop\\markcloud-assignment\\src\\components\\domain\\Trademark\\TrademarkList\\TrademarkList.tsx": {"path":"C:\\Users\\Jun\\Desktop\\markcloud-assignment\\src\\components\\domain\\Trademark\\TrademarkList\\TrademarkList.tsx","statementMap":{"0":{"start":{"line":12,"column":22},"end":{"line":106,"column":1}},"1":{"start":{"line":13,"column":34},"end":{"line":13,"column":53}},"2":{"start":{"line":14,"column":26},"end":{"line":14,"column":37}},"3":{"start":{"line":16,"column":4},"end":{"line":16,"column":46}},"4":{"start":{"line":19,"column":2},"end":{"line":21,"column":15}},"5":{"start":{"line":20,"column":4},"end":{"line":20,"column":15}},"6":{"start":{"line":24,"column":4},"end":{"line":24,"column":23}},"7":{"start":{"line":27,"column":26},"end":{"line":30,"column":4}},"8":{"start":{"line":32,"column":2},"end":{"line":40,"column":48}},"9":{"start":{"line":33,"column":4},"end":{"line":39,"column":5}},"10":{"start":{"line":35,"column":20},"end":{"line":37,"column":31}},"11":{"start":{"line":36,"column":8},"end":{"line":36,"column":33}},"12":{"start":{"line":38,"column":6},"end":{"line":38,"column":39}},"13":{"start":{"line":38,"column":19},"end":{"line":38,"column":38}},"14":{"start":{"line":42,"column":27},"end":{"line":42,"column":57}},"15":{"start":{"line":43,"column":19},"end":{"line":43,"column":26}},"16":{"start":{"line":44,"column":20},"end":{"line":44,"column":51}},"17":{"start":{"line":45,"column":24},"end":{"line":45,"column":52}},"18":{"start":{"line":47,"column":2},"end":{"line":105,"column":4}},"19":{"start":{"line":58,"column":25},"end":{"line":58,"column":34}},"20":{"start":{"line":67,"column":12},"end":{"line":67,"column":26}},"21":{"start":{"line":68,"column":12},"end":{"line":68,"column":23}},"22":{"start":{"line":69,"column":12},"end":{"line":69,"column":22}},"23":{"start":{"line":86,"column":14},"end":{"line":90,"column":16}},"24":{"start":{"line":89,"column":31},"end":{"line":89,"column":62}},"25":{"start":{"line":102,"column":23},"end":{"line":102,"column":49}}},"fnMap":{"0":{"name":"(anonymous_0)","decl":{"start":{"line":12,"column":22},"end":{"line":12,"column":23}},"loc":{"start":{"line":12,"column":28},"end":{"line":106,"column":1}},"line":12},"1":{"name":"(anonymous_1)","decl":{"start":{"line":19,"column":12},"end":{"line":19,"column":13}},"loc":{"start":{"line":19,"column":18},"end":{"line":21,"column":3}},"line":19},"2":{"name":"(anonymous_2)","decl":{"start":{"line":32,"column":12},"end":{"line":32,"column":13}},"loc":{"start":{"line":32,"column":18},"end":{"line":40,"column":3}},"line":32},"3":{"name":"(anonymous_3)","decl":{"start":{"line":35,"column":31},"end":{"line":35,"column":32}},"loc":{"start":{"line":35,"column":37},"end":{"line":37,"column":7}},"line":35},"4":{"name":"(anonymous_4)","decl":{"start":{"line":38,"column":13},"end":{"line":38,"column":14}},"loc":{"start":{"line":38,"column":19},"end":{"line":38,"column":38}},"line":38},"5":{"name":"(anonymous_5)","decl":{"start":{"line":58,"column":19},"end":{"line":58,"column":20}},"loc":{"start":{"line":58,"column":25},"end":{"line":58,"column":34}},"line":58},"6":{"name":"(anonymous_6)","decl":{"start":{"line":66,"column":19},"end":{"line":66,"column":20}},"loc":{"start":{"line":66,"column":25},"end":{"line":70,"column":11}},"line":66},"7":{"name":"(anonymous_7)","decl":{"start":{"line":85,"column":22},"end":{"line":85,"column":23}},"loc":{"start":{"line":86,"column":14},"end":{"line":90,"column":16}},"line":86},"8":{"name":"(anonymous_8)","decl":{"start":{"line":89,"column":25},"end":{"line":89,"column":26}},"loc":{"start":{"line":89,"column":31},"end":{"line":89,"column":62}},"line":89},"9":{"name":"(anonymous_9)","decl":{"start":{"line":102,"column":17},"end":{"line":102,"column":18}},"loc":{"start":{"line":102,"column":23},"end":{"line":102,"column":49}},"line":102}},"branchMap":{"0":{"loc":{"start":{"line":29,"column":10},"end":{"line":29,"column":31}},"type":"binary-expr","locations":[{"start":{"line":29,"column":10},"end":{"line":29,"column":18}},{"start":{"line":29,"column":22},"end":{"line":29,"column":31}}],"line":29},"1":{"loc":{"start":{"line":33,"column":4},"end":{"line":39,"column":5}},"type":"if","locations":[{"start":{"line":33,"column":4},"end":{"line":39,"column":5}},{"start":{},"end":{}}],"line":33},"2":{"loc":{"start":{"line":33,"column":8},"end":{"line":33,"column":39}},"type":"binary-expr","locations":[{"start":{"line":33,"column":8},"end":{"line":33,"column":14}},{"start":{"line":33,"column":18},"end":{"line":33,"column":25}},{"start":{"line":33,"column":29},"end":{"line":33,"column":39}}],"line":33},"3":{"loc":{"start":{"line":42,"column":27},"end":{"line":42,"column":57}},"type":"binary-expr","locations":[{"start":{"line":42,"column":27},"end":{"line":42,"column":36}},{"start":{"line":42,"column":40},"end":{"line":42,"column":57}}],"line":42},"4":{"loc":{"start":{"line":44,"column":20},"end":{"line":44,"column":51}},"type":"binary-expr","locations":[{"start":{"line":44,"column":20},"end":{"line":44,"column":30}},{"start":{"line":44,"column":34},"end":{"line":44,"column":51}}],"line":44},"5":{"loc":{"start":{"line":45,"column":24},"end":{"line":45,"column":52}},"type":"binary-expr","locations":[{"start":{"line":45,"column":24},"end":{"line":45,"column":33}},{"start":{"line":45,"column":37},"end":{"line":45,"column":52}}],"line":45},"6":{"loc":{"start":{"line":49,"column":7},"end":{"line":49,"column":63}},"type":"binary-expr","locations":[{"start":{"line":49,"column":7},"end":{"line":49,"column":23}},{"start":{"line":49,"column":27},"end":{"line":49,"column":63}}],"line":49},"7":{"loc":{"start":{"line":51,"column":7},"end":{"line":60,"column":7}},"type":"binary-expr","locations":[{"start":{"line":51,"column":7},"end":{"line":51,"column":15}},{"start":{"line":52,"column":8},"end":{"line":59,"column":10}}],"line":51},"8":{"loc":{"start":{"line":54,"column":12},"end":{"line":56,"column":41}},"type":"cond-expr","locations":[{"start":{"line":55,"column":16},"end":{"line":55,"column":29}},{"start":{"line":56,"column":16},"end":{"line":56,"column":41}}],"line":54},"9":{"loc":{"start":{"line":62,"column":7},"end":{"line":72,"column":7}},"type":"binary-expr","locations":[{"start":{"line":62,"column":7},"end":{"line":62,"column":16}},{"start":{"line":63,"column":8},"end":{"line":71,"column":10}}],"line":62},"10":{"loc":{"start":{"line":74,"column":7},"end":{"line":98,"column":7}},"type":"binary-expr","locations":[{"start":{"line":74,"column":7},"end":{"line":74,"column":24}},{"start":{"line":74,"column":28},"end":{"line":74,"column":37}},{"start":{"line":74,"column":41},"end":{"line":74,"column":51}},{"start":{"line":75,"column":8},"end":{"line":97,"column":14}}],"line":74},"11":{"loc":{"start":{"line":94,"column":11},"end":{"line":94,"column":63}},"type":"binary-expr","locations":[{"start":{"line":94,"column":11},"end":{"line":94,"column":24}},{"start":{"line":94,"column":28},"end":{"line":94,"column":63}}],"line":94},"12":{"loc":{"start":{"line":96,"column":11},"end":{"line":96,"column":70}},"type":"binary-expr","locations":[{"start":{"line":96,"column":11},"end":{"line":96,"column":18}},{"start":{"line":96,"column":22},"end":{"line":96,"column":32}},{"start":{"line":96,"column":36},"end":{"line":96,"column":70}}],"line":96}},"s":{"0":0,"1":0,"2":0,"3":0,"4":0,"5":0,"6":0,"7":0,"8":0,"9":0,"10":0,"11":0,"12":0,"13":0,"14":0,"15":0,"16":0,"17":0,"18":0,"19":0,"20":0,"21":0,"22":0,"23":0,"24":0,"25":0},"f":{"0":0,"1":0,"2":0,"3":0,"4":0,"5":0,"6":0,"7":0,"8":0,"9":0},"b":{"0":[0,0],"1":[0,0],"2":[0,0,0],"3":[0,0],"4":[0,0],"5":[0,0],"6":[0,0],"7":[0,0],"8":[0,0],"9":[0,0],"10":[0,0,0,0],"11":[0,0],"12":[0,0,0]}}
,"C:\\Users\\Jun\\Desktop\\markcloud-assignment\\src\\components\\domain\\Trademark\\TrademarkListItem\\STATUS_COLORS.ts": {"path":"C:\\Users\\Jun\\Desktop\\markcloud-assignment\\src\\components\\domain\\Trademark\\TrademarkListItem\\STATUS_COLORS.ts","statementMap":{"0":{"start":{"line":1,"column":53},"end":{"line":7,"column":1}}},"fnMap":{},"branchMap":{},"s":{"0":0},"f":{},"b":{}}
,"C:\\Users\\Jun\\Desktop\\markcloud-assignment\\src\\components\\domain\\Trademark\\TrademarkListItem\\TrademarkListItem.tsx": {"path":"C:\\Users\\Jun\\Desktop\\markcloud-assignment\\src\\components\\domain\\Trademark\\TrademarkListItem\\TrademarkListItem.tsx","statementMap":{"0":{"start":{"line":14,"column":26},"end":{"line":97,"column":1}},"1":{"start":{"line":15,"column":41},"end":{"line":15,"column":60}},"2":{"start":{"line":16,"column":26},"end":{"line":16,"column":63}},"3":{"start":{"line":18,"column":30},"end":{"line":21,"column":3}},"4":{"start":{"line":19,"column":4},"end":{"line":19,"column":24}},"5":{"start":{"line":20,"column":4},"end":{"line":20,"column":48}},"6":{"start":{"line":23,"column":2},"end":{"line":96,"column":4}}},"fnMap":{"0":{"name":"(anonymous_0)","decl":{"start":{"line":14,"column":26},"end":{"line":14,"column":27}},"loc":{"start":{"line":14,"column":78},"end":{"line":97,"column":1}},"line":14},"1":{"name":"(anonymous_1)","decl":{"start":{"line":18,"column":30},"end":{"line":18,"column":31}},"loc":{"start":{"line":18,"column":55},"end":{"line":21,"column":3}},"line":18}},"branchMap":{"0":{"loc":{"start":{"line":39,"column":16},"end":{"line":39,"column":69}},"type":"binary-expr","locations":[{"start":{"line":39,"column":16},"end":{"line":39,"column":38}},{"start":{"line":39,"column":42},"end":{"line":39,"column":69}}],"line":39},"1":{"loc":{"start":{"line":42,"column":15},"end":{"line":42,"column":72}},"type":"cond-expr","locations":[{"start":{"line":42,"column":40},"end":{"line":42,"column":48}},{"start":{"line":42,"column":51},"end":{"line":42,"column":72}}],"line":42},"2":{"loc":{"start":{"line":44,"column":13},"end":{"line":49,"column":15}},"type":"binary-expr","locations":[{"start":{"line":44,"column":13},"end":{"line":44,"column":34}},{"start":{"line":45,"column":14},"end":{"line":45,"column":61}},{"start":{"line":46,"column":16},"end":{"line":48,"column":23}}],"line":44},"3":{"loc":{"start":{"line":80,"column":12},"end":{"line":82,"column":25}},"type":"cond-expr","locations":[{"start":{"line":81,"column":16},"end":{"line":81,"column":25}},{"start":{"line":82,"column":16},"end":{"line":82,"column":25}}],"line":80},"4":{"loc":{"start":{"line":88,"column":14},"end":{"line":90,"column":43}},"type":"cond-expr","locations":[{"start":{"line":89,"column":18},"end":{"line":89,"column":51}},{"start":{"line":90,"column":18},"end":{"line":90,"column":43}}],"line":88}},"s":{"0":0,"1":0,"2":0,"3":0,"4":0,"5":0,"6":0},"f":{"0":0,"1":0},"b":{"0":[0,0],"1":[0,0],"2":[0,0,0],"3":[0,0],"4":[0,0]}}
,"C:\\Users\\Jun\\Desktop\\markcloud-assignment\\src\\components\\domain\\Trademark\\TrademarkSearchFilter\\TrademarkSearchFilter.tsx": {"path":"C:\\Users\\Jun\\Desktop\\markcloud-assignment\\src\\components\\domain\\Trademark\\TrademarkSearchFilter\\TrademarkSearchFilter.tsx","statementMap":{"0":{"start":{"line":18,"column":30},"end":{"line":52,"column":1}},"1":{"start":{"line":19,"column":32},"end":{"line":19,"column":51}},"2":{"start":{"line":20,"column":54},"end":{"line":20,"column":69}},"3":{"start":{"line":21,"column":26},"end":{"line":21,"column":47}},"4":{"start":{"line":23,"column":19},"end":{"line":33,"column":3}},"5":{"start":{"line":24,"column":64},"end":{"line":24,"column":68}},"6":{"start":{"line":26,"column":4},"end":{"line":32,"column":7}},"7":{"start":{"line":35,"column":2},"end":{"line":51,"column":4}}},"fnMap":{"0":{"name":"(anonymous_0)","decl":{"start":{"line":18,"column":30},"end":{"line":18,"column":31}},"loc":{"start":{"line":18,"column":36},"end":{"line":52,"column":1}},"line":18},"1":{"name":"(anonymous_1)","decl":{"start":{"line":23,"column":19},"end":{"line":23,"column":20}},"loc":{"start":{"line":23,"column":45},"end":{"line":33,"column":3}},"line":23}},"branchMap":{"0":{"loc":{"start":{"line":27,"column":10},"end":{"line":27,"column":45}},"type":"binary-expr","locations":[{"start":{"line":27,"column":10},"end":{"line":27,"column":27}},{"start":{"line":27,"column":31},"end":{"line":27,"column":45}}],"line":27},"1":{"loc":{"start":{"line":28,"column":10},"end":{"line":28,"column":59}},"type":"binary-expr","locations":[{"start":{"line":28,"column":10},"end":{"line":28,"column":34}},{"start":{"line":28,"column":38},"end":{"line":28,"column":59}}],"line":28},"2":{"loc":{"start":{"line":29,"column":10},"end":{"line":29,"column":34}},"type":"binary-expr","locations":[{"start":{"line":29,"column":10},"end":{"line":29,"column":18}},{"start":{"line":29,"column":22},"end":{"line":29,"column":34}}],"line":29},"3":{"loc":{"start":{"line":30,"column":10},"end":{"line":30,"column":30}},"type":"binary-expr","locations":[{"start":{"line":30,"column":10},"end":{"line":30,"column":16}},{"start":{"line":30,"column":20},"end":{"line":30,"column":30}}],"line":30}},"s":{"0":0,"1":0,"2":0,"3":0,"4":0,"5":0,"6":0,"7":0},"f":{"0":0,"1":0},"b":{"0":[0,0],"1":[0,0],"2":[0,0],"3":[0,0]}}
,"C:\\Users\\Jun\\Desktop\\markcloud-assignment\\src\\components\\domain\\Trademark\\TrademarkSearchFilter\\internal\\components\\index.ts": {"path":"C:\\Users\\Jun\\Desktop\\markcloud-assignment\\src\\components\\domain\\Trademark\\TrademarkSearchFilter\\internal\\components\\index.ts","statementMap":{},"fnMap":{},"branchMap":{},"s":{},"f":{},"b":{}}
,"C:\\Users\\Jun\\Desktop\\markcloud-assignment\\src\\components\\domain\\Trademark\\TrademarkSearchFilter\\internal\\components\\ActionButtons\\ActionButtons.tsx": {"path":"C:\\Users\\Jun\\Desktop\\markcloud-assignment\\src\\components\\domain\\Trademark\\TrademarkSearchFilter\\internal\\components\\ActionButtons\\ActionButtons.tsx","statementMap":{"0":{"start":{"line":17,"column":22},"end":{"line":62,"column":1}},"1":{"start":{"line":18,"column":37},"end":{"line":18,"column":56}},"2":{"start":{"line":20,"column":22},"end":{"line":45,"column":3}},"3":{"start":{"line":22,"column":4},"end":{"line":26,"column":7}},"4":{"start":{"line":27,"column":4},"end":{"line":31,"column":7}},"5":{"start":{"line":32,"column":4},"end":{"line":36,"column":7}},"6":{"start":{"line":37,"column":4},"end":{"line":41,"column":7}},"7":{"start":{"line":43,"column":4},"end":{"line":43,"column":18}},"8":{"start":{"line":44,"column":4},"end":{"line":44,"column":37}},"9":{"start":{"line":47,"column":2},"end":{"line":61,"column":4}}},"fnMap":{"0":{"name":"(anonymous_0)","decl":{"start":{"line":17,"column":22},"end":{"line":17,"column":23}},"loc":{"start":{"line":17,"column":73},"end":{"line":62,"column":1}},"line":17},"1":{"name":"(anonymous_1)","decl":{"start":{"line":20,"column":22},"end":{"line":20,"column":23}},"loc":{"start":{"line":20,"column":28},"end":{"line":45,"column":3}},"line":20}},"branchMap":{},"s":{"0":0,"1":0,"2":0,"3":0,"4":0,"5":0,"6":0,"7":0,"8":0,"9":0},"f":{"0":0,"1":0},"b":{}}
,"C:\\Users\\Jun\\Desktop\\markcloud-assignment\\src\\components\\domain\\Trademark\\TrademarkSearchFilter\\internal\\components\\CountrySelector\\CountrySelector.tsx": {"path":"C:\\Users\\Jun\\Desktop\\markcloud-assignment\\src\\components\\domain\\Trademark\\TrademarkSearchFilter\\internal\\components\\CountrySelector\\CountrySelector.tsx","statementMap":{"0":{"start":{"line":6,"column":24},"end":{"line":38,"column":1}},"1":{"start":{"line":7,"column":61},"end":{"line":7,"column":80}},"2":{"start":{"line":8,"column":25},"end":{"line":8,"column":44}},"3":{"start":{"line":10,"column":30},"end":{"line":13,"column":3}},"4":{"start":{"line":11,"column":4},"end":{"line":11,"column":32}},"5":{"start":{"line":12,"column":4},"end":{"line":12,"column":37}},"6":{"start":{"line":15,"column":2},"end":{"line":37,"column":4}},"7":{"start":{"line":18,"column":8},"end":{"line":34,"column":17}},"8":{"start":{"line":21,"column":25},"end":{"line":21,"column":59}}},"fnMap":{"0":{"name":"(anonymous_0)","decl":{"start":{"line":6,"column":24},"end":{"line":6,"column":25}},"loc":{"start":{"line":6,"column":30},"end":{"line":38,"column":1}},"line":6},"1":{"name":"(anonymous_1)","decl":{"start":{"line":10,"column":30},"end":{"line":10,"column":31}},"loc":{"start":{"line":10,"column":52},"end":{"line":13,"column":3}},"line":10},"2":{"name":"(anonymous_2)","decl":{"start":{"line":17,"column":26},"end":{"line":17,"column":27}},"loc":{"start":{"line":18,"column":8},"end":{"line":34,"column":17}},"line":18},"3":{"name":"(anonymous_3)","decl":{"start":{"line":21,"column":19},"end":{"line":21,"column":20}},"loc":{"start":{"line":21,"column":25},"end":{"line":21,"column":59}},"line":21}},"branchMap":{"0":{"loc":{"start":{"line":24,"column":12},"end":{"line":26,"column":76}},"type":"cond-expr","locations":[{"start":{"line":25,"column":16},"end":{"line":25,"column":55}},{"start":{"line":26,"column":16},"end":{"line":26,"column":76}}],"line":24}},"s":{"0":0,"1":0,"2":0,"3":0,"4":0,"5":0,"6":0,"7":0,"8":0},"f":{"0":0,"1":0,"2":0,"3":0},"b":{"0":[0,0]}}
,"C:\\Users\\Jun\\Desktop\\markcloud-assignment\\src\\components\\domain\\Trademark\\TrademarkSearchFilter\\internal\\components\\SearchFields\\SearchFields.tsx": {"path":"C:\\Users\\Jun\\Desktop\\markcloud-assignment\\src\\components\\domain\\Trademark\\TrademarkSearchFilter\\internal\\components\\SearchFields\\SearchFields.tsx","statementMap":{"0":{"start":{"line":16,"column":21},"end":{"line":46,"column":1}},"1":{"start":{"line":17,"column":2},"end":{"line":45,"column":4}},"2":{"start":{"line":34,"column":26},"end":{"line":34,"column":63}},"3":{"start":{"line":35,"column":12},"end":{"line":38,"column":15}}},"fnMap":{"0":{"name":"(anonymous_0)","decl":{"start":{"line":16,"column":21},"end":{"line":16,"column":22}},"loc":{"start":{"line":16,"column":68},"end":{"line":46,"column":1}},"line":16},"1":{"name":"(anonymous_1)","decl":{"start":{"line":32,"column":20},"end":{"line":32,"column":21}},"loc":{"start":{"line":32,"column":27},"end":{"line":39,"column":11}},"line":32}},"branchMap":{},"s":{"0":0,"1":0,"2":0,"3":0},"f":{"0":0,"1":0},"b":{}}
,"C:\\Users\\Jun\\Desktop\\markcloud-assignment\\src\\components\\domain\\Trademark\\TrademarkSearchFilter\\internal\\components\\SortDropdown\\SortDropdown.tsx": {"path":"C:\\Users\\Jun\\Desktop\\markcloud-assignment\\src\\components\\domain\\Trademark\\TrademarkSearchFilter\\internal\\components\\SortDropdown\\SortDropdown.tsx","statementMap":{"0":{"start":{"line":6,"column":21},"end":{"line":9,"column":10}},"1":{"start":{"line":11,"column":21},"end":{"line":73,"column":1}},"2":{"start":{"line":12,"column":38},"end":{"line":12,"column":57}},"3":{"start":{"line":13,"column":49},"end":{"line":13,"column":62}},"4":{"start":{"line":16,"column":4},"end":{"line":16,"column":77}},"5":{"start":{"line":16,"column":34},"end":{"line":16,"column":60}},"6":{"start":{"line":18,"column":27},"end":{"line":21,"column":3}},"7":{"start":{"line":19,"column":4},"end":{"line":19,"column":24}},"8":{"start":{"line":20,"column":4},"end":{"line":20,"column":12}},"9":{"start":{"line":23,"column":2},"end":{"line":72,"column":4}},"10":{"start":{"line":53,"column":14},"end":{"line":66,"column":19}},"11":{"start":{"line":56,"column":18},"end":{"line":56,"column":74}}},"fnMap":{"0":{"name":"(anonymous_0)","decl":{"start":{"line":11,"column":21},"end":{"line":11,"column":22}},"loc":{"start":{"line":11,"column":27},"end":{"line":73,"column":1}},"line":11},"1":{"name":"(anonymous_1)","decl":{"start":{"line":16,"column":22},"end":{"line":16,"column":23}},"loc":{"start":{"line":16,"column":34},"end":{"line":16,"column":60}},"line":16},"2":{"name":"(anonymous_2)","decl":{"start":{"line":18,"column":27},"end":{"line":18,"column":28}},"loc":{"start":{"line":18,"column":62},"end":{"line":21,"column":3}},"line":18},"3":{"name":"(anonymous_3)","decl":{"start":{"line":52,"column":30},"end":{"line":52,"column":31}},"loc":{"start":{"line":53,"column":14},"end":{"line":66,"column":19}},"line":53},"4":{"name":"(anonymous_4)","decl":{"start":{"line":55,"column":25},"end":{"line":55,"column":26}},"loc":{"start":{"line":56,"column":18},"end":{"line":56,"column":74}},"line":56}},"branchMap":{"0":{"loc":{"start":{"line":16,"column":4},"end":{"line":16,"column":77}},"type":"binary-expr","locations":[{"start":{"line":16,"column":4},"end":{"line":16,"column":68}},{"start":{"line":16,"column":72},"end":{"line":16,"column":77}}],"line":16},"1":{"loc":{"start":{"line":36,"column":12},"end":{"line":36,"column":60}},"type":"binary-expr","locations":[{"start":{"line":36,"column":12},"end":{"line":36,"column":18}},{"start":{"line":36,"column":22},"end":{"line":36,"column":60}}],"line":36},"2":{"loc":{"start":{"line":44,"column":16},"end":{"line":44,"column":38}},"type":"binary-expr","locations":[{"start":{"line":44,"column":16},"end":{"line":44,"column":22}},{"start":{"line":44,"column":26},"end":{"line":44,"column":38}}],"line":44},"3":{"loc":{"start":{"line":50,"column":9},"end":{"line":69,"column":9}},"type":"binary-expr","locations":[{"start":{"line":50,"column":9},"end":{"line":50,"column":15}},{"start":{"line":51,"column":10},"end":{"line":68,"column":15}}],"line":50},"4":{"loc":{"start":{"line":60,"column":18},"end":{"line":62,"column":54}},"type":"cond-expr","locations":[{"start":{"line":61,"column":22},"end":{"line":61,"column":60}},{"start":{"line":62,"column":22},"end":{"line":62,"column":54}}],"line":60}},"s":{"0":0,"1":0,"2":0,"3":0,"4":0,"5":0,"6":0,"7":0,"8":0,"9":0,"10":0,"11":0},"f":{"0":0,"1":0,"2":0,"3":0,"4":0},"b":{"0":[0,0],"1":[0,0],"2":[0,0],"3":[0,0],"4":[0,0]}}
,"C:\\Users\\Jun\\Desktop\\markcloud-assignment\\src\\components\\domain\\Trademark\\TrademarkSearchFilter\\internal\\components\\StatusFilter\\StatusFilter.tsx": {"path":"C:\\Users\\Jun\\Desktop\\markcloud-assignment\\src\\components\\domain\\Trademark\\TrademarkSearchFilter\\internal\\components\\StatusFilter\\StatusFilter.tsx","statementMap":{"0":{"start":{"line":6,"column":21},"end":{"line":45,"column":1}},"1":{"start":{"line":7,"column":49},"end":{"line":7,"column":68}},"2":{"start":{"line":8,"column":24},"end":{"line":8,"column":67}},"3":{"start":{"line":10,"column":29},"end":{"line":16,"column":3}},"4":{"start":{"line":11,"column":26},"end":{"line":11,"column":45}},"5":{"start":{"line":12,"column":22},"end":{"line":14,"column":34}},"6":{"start":{"line":13,"column":36},"end":{"line":13,"column":48}},"7":{"start":{"line":15,"column":4},"end":{"line":15,"column":72}},"8":{"start":{"line":18,"column":2},"end":{"line":44,"column":4}},"9":{"start":{"line":25,"column":29},"end":{"line":25,"column":66}},"10":{"start":{"line":26,"column":10},"end":{"line":40,"column":12}},"11":{"start":{"line":30,"column":29},"end":{"line":30,"column":61}}},"fnMap":{"0":{"name":"(anonymous_0)","decl":{"start":{"line":6,"column":21},"end":{"line":6,"column":22}},"loc":{"start":{"line":6,"column":27},"end":{"line":45,"column":1}},"line":6},"1":{"name":"(anonymous_1)","decl":{"start":{"line":10,"column":29},"end":{"line":10,"column":30}},"loc":{"start":{"line":10,"column":58},"end":{"line":16,"column":3}},"line":10},"2":{"name":"(anonymous_2)","decl":{"start":{"line":13,"column":29},"end":{"line":13,"column":30}},"loc":{"start":{"line":13,"column":36},"end":{"line":13,"column":48}},"line":13},"3":{"name":"(anonymous_3)","decl":{"start":{"line":24,"column":27},"end":{"line":24,"column":28}},"loc":{"start":{"line":24,"column":39},"end":{"line":41,"column":9}},"line":24},"4":{"name":"(anonymous_4)","decl":{"start":{"line":30,"column":23},"end":{"line":30,"column":24}},"loc":{"start":{"line":30,"column":29},"end":{"line":30,"column":61}},"line":30}},"branchMap":{"0":{"loc":{"start":{"line":11,"column":26},"end":{"line":11,"column":45}},"type":"binary-expr","locations":[{"start":{"line":11,"column":26},"end":{"line":11,"column":39}},{"start":{"line":11,"column":43},"end":{"line":11,"column":45}}],"line":11},"1":{"loc":{"start":{"line":12,"column":22},"end":{"line":14,"column":34}},"type":"cond-expr","locations":[{"start":{"line":13,"column":8},"end":{"line":13,"column":49}},{"start":{"line":14,"column":8},"end":{"line":14,"column":34}}],"line":12},"2":{"loc":{"start":{"line":15,"column":24},"end":{"line":15,"column":68}},"type":"cond-expr","locations":[{"start":{"line":15,"column":47},"end":{"line":15,"column":56}},{"start":{"line":15,"column":59},"end":{"line":15,"column":68}}],"line":15},"3":{"loc":{"start":{"line":33,"column":16},"end":{"line":35,"column":65}},"type":"cond-expr","locations":[{"start":{"line":34,"column":20},"end":{"line":34,"column":44}},{"start":{"line":35,"column":20},"end":{"line":35,"column":65}}],"line":33}},"s":{"0":0,"1":0,"2":0,"3":0,"4":0,"5":0,"6":0,"7":0,"8":0,"9":0,"10":0,"11":0},"f":{"0":0,"1":0,"2":0,"3":0,"4":0},"b":{"0":[0,0],"1":[0,0],"2":[0,0],"3":[0,0]}}
,"C:\\Users\\Jun\\Desktop\\markcloud-assignment\\src\\components\\domain\\Trademark\\TrademarkSearchFilter\\internal\\hooks\\index.ts": {"path":"C:\\Users\\Jun\\Desktop\\markcloud-assignment\\src\\components\\domain\\Trademark\\TrademarkSearchFilter\\internal\\hooks\\index.ts","statementMap":{},"fnMap":{},"branchMap":{},"s":{},"f":{},"b":{}}
,"C:\\Users\\Jun\\Desktop\\markcloud-assignment\\src\\components\\domain\\Trademark\\TrademarkSearchFilter\\internal\\hooks\\useDropdown\\useDropdown.ts": {"path":"C:\\Users\\Jun\\Desktop\\markcloud-assignment\\src\\components\\domain\\Trademark\\TrademarkSearchFilter\\internal\\hooks\\useDropdown\\useDropdown.ts","statementMap":{"0":{"start":{"line":3,"column":27},"end":{"line":36,"column":1}},"1":{"start":{"line":4,"column":30},"end":{"line":4,"column":45}},"2":{"start":{"line":5,"column":22},"end":{"line":5,"column":50}},"3":{"start":{"line":8,"column":2},"end":{"line":25,"column":15}},"4":{"start":{"line":9,"column":31},"end":{"line":16,"column":5}},"5":{"start":{"line":10,"column":6},"end":{"line":15,"column":7}},"6":{"start":{"line":14,"column":8},"end":{"line":14,"column":25}},"7":{"start":{"line":18,"column":4},"end":{"line":20,"column":5}},"8":{"start":{"line":19,"column":6},"end":{"line":19,"column":65}},"9":{"start":{"line":22,"column":4},"end":{"line":24,"column":6}},"10":{"start":{"line":23,"column":6},"end":{"line":23,"column":68}},"11":{"start":{"line":27,"column":17},"end":{"line":27,"column":49}},"12":{"start":{"line":27,"column":23},"end":{"line":27,"column":49}},"13":{"start":{"line":27,"column":43},"end":{"line":27,"column":48}},"14":{"start":{"line":28,"column":16},"end":{"line":28,"column":38}},"15":{"start":{"line":28,"column":22},"end":{"line":28,"column":38}},"16":{"start":{"line":30,"column":2},"end":{"line":35,"column":4}}},"fnMap":{"0":{"name":"(anonymous_0)","decl":{"start":{"line":3,"column":27},"end":{"line":3,"column":28}},"loc":{"start":{"line":3,"column":33},"end":{"line":36,"column":1}},"line":3},"1":{"name":"(anonymous_1)","decl":{"start":{"line":8,"column":12},"end":{"line":8,"column":13}},"loc":{"start":{"line":8,"column":18},"end":{"line":25,"column":3}},"line":8},"2":{"name":"(anonymous_2)","decl":{"start":{"line":9,"column":31},"end":{"line":9,"column":32}},"loc":{"start":{"line":9,"column":54},"end":{"line":16,"column":5}},"line":9},"3":{"name":"(anonymous_3)","decl":{"start":{"line":22,"column":11},"end":{"line":22,"column":12}},"loc":{"start":{"line":22,"column":17},"end":{"line":24,"column":5}},"line":22},"4":{"name":"(anonymous_4)","decl":{"start":{"line":27,"column":17},"end":{"line":27,"column":18}},"loc":{"start":{"line":27,"column":23},"end":{"line":27,"column":49}},"line":27},"5":{"name":"(anonymous_5)","decl":{"start":{"line":27,"column":33},"end":{"line":27,"column":34}},"loc":{"start":{"line":27,"column":43},"end":{"line":27,"column":48}},"line":27},"6":{"name":"(anonymous_6)","decl":{"start":{"line":28,"column":16},"end":{"line":28,"column":17}},"loc":{"start":{"line":28,"column":22},"end":{"line":28,"column":38}},"line":28}},"branchMap":{"0":{"loc":{"start":{"line":10,"column":6},"end":{"line":15,"column":7}},"type":"if","locations":[{"start":{"line":10,"column":6},"end":{"line":15,"column":7}},{"start":{},"end":{}}],"line":10},"1":{"loc":{"start":{"line":11,"column":8},"end":{"line":12,"column":59}},"type":"binary-expr","locations":[{"start":{"line":11,"column":8},"end":{"line":11,"column":27}},{"start":{"line":12,"column":8},"end":{"line":12,"column":59}}],"line":11},"2":{"loc":{"start":{"line":18,"column":4},"end":{"line":20,"column":5}},"type":"if","locations":[{"start":{"line":18,"column":4},"end":{"line":20,"column":5}},{"start":{},"end":{}}],"line":18}},"s":{"0":0,"1":0,"2":0,"3":0,"4":0,"5":0,"6":0,"7":0,"8":0,"9":0,"10":0,"11":0,"12":0,"13":0,"14":0,"15":0,"16":0},"f":{"0":0,"1":0,"2":0,"3":0,"4":0,"5":0,"6":0},"b":{"0":[0,0],"1":[0,0],"2":[0,0]}}
,"C:\\Users\\Jun\\Desktop\\markcloud-assignment\\src\\components\\domain\\Trademark\\TrademarkSearchFilter\\internal\\hooks\\useFilterState\\useFilterState.ts": {"path":"C:\\Users\\Jun\\Desktop\\markcloud-assignment\\src\\components\\domain\\Trademark\\TrademarkSearchFilter\\internal\\hooks\\useFilterState\\useFilterState.ts","statementMap":{"0":{"start":{"line":11,"column":30},"end":{"line":37,"column":1}},"1":{"start":{"line":12,"column":21},"end":{"line":12,"column":40}},"2":{"start":{"line":14,"column":22},"end":{"line":14,"column":41}},"3":{"start":{"line":15,"column":29},"end":{"line":15,"column":55}},"4":{"start":{"line":16,"column":20},"end":{"line":16,"column":37}},"5":{"start":{"line":17,"column":18},"end":{"line":17,"column":33}},"6":{"start":{"line":21,"column":4},"end":{"line":24,"column":18}},"7":{"start":{"line":27,"column":26},"end":{"line":27,"column":67}},"8":{"start":{"line":30,"column":22},"end":{"line":30,"column":65}},"9":{"start":{"line":32,"column":2},"end":{"line":36,"column":4}}},"fnMap":{"0":{"name":"(anonymous_0)","decl":{"start":{"line":11,"column":30},"end":{"line":11,"column":31}},"loc":{"start":{"line":11,"column":71},"end":{"line":37,"column":1}},"line":11}},"branchMap":{"0":{"loc":{"start":{"line":21,"column":4},"end":{"line":24,"column":18}},"type":"binary-expr","locations":[{"start":{"line":21,"column":4},"end":{"line":21,"column":29}},{"start":{"line":22,"column":4},"end":{"line":22,"column":36}},{"start":{"line":23,"column":4},"end":{"line":23,"column":20}},{"start":{"line":24,"column":4},"end":{"line":24,"column":18}}],"line":21},"1":{"loc":{"start":{"line":27,"column":26},"end":{"line":27,"column":67}},"type":"binary-expr","locations":[{"start":{"line":27,"column":26},"end":{"line":27,"column":39}},{"start":{"line":27,"column":43},"end":{"line":27,"column":67}}],"line":27},"2":{"loc":{"start":{"line":30,"column":30},"end":{"line":30,"column":64}},"type":"binary-expr","locations":[{"start":{"line":30,"column":30},"end":{"line":30,"column":45}},{"start":{"line":30,"column":49},"end":{"line":30,"column":64}}],"line":30}},"s":{"0":0,"1":0,"2":0,"3":0,"4":0,"5":0,"6":0,"7":0,"8":0,"9":0},"f":{"0":0},"b":{"0":[0,0,0,0],"1":[0,0],"2":[0,0]}}
,"C:\\Users\\Jun\\Desktop\\markcloud-assignment\\src\\components\\domain\\Trademark\\TrademarkSearchFilter\\internal\\hooks\\useSearchForm\\useSearchForm.ts": {"path":"C:\\Users\\Jun\\Desktop\\markcloud-assignment\\src\\components\\domain\\Trademark\\TrademarkSearchFilter\\internal\\hooks\\useSearchForm\\useSearchForm.ts","statementMap":{"0":{"start":{"line":12,"column":29},"end":{"line":52,"column":1}},"1":{"start":{"line":13,"column":21},"end":{"line":13,"column":40}},"2":{"start":{"line":14,"column":15},"end":{"line":21,"column":4}},"3":{"start":{"line":23,"column":23},"end":{"line":23,"column":27}},"4":{"start":{"line":24,"column":25},"end":{"line":24,"column":37}},"5":{"start":{"line":27,"column":2},"end":{"line":49,"column":5}},"6":{"start":{"line":28,"column":4},"end":{"line":42,"column":5}},"7":{"start":{"line":35,"column":6},"end":{"line":35,"column":54}},"8":{"start":{"line":36,"column":6},"end":{"line":36,"column":68}},"9":{"start":{"line":37,"column":6},"end":{"line":37,"column":50}},"10":{"start":{"line":38,"column":6},"end":{"line":38,"column":46}},"11":{"start":{"line":39,"column":6},"end":{"line":39,"column":37}},"12":{"start":{"line":40,"column":11},"end":{"line":42,"column":5}},"13":{"start":{"line":41,"column":6},"end":{"line":41,"column":37}},"14":{"start":{"line":51,"column":2},"end":{"line":51,"column":14}}},"fnMap":{"0":{"name":"(anonymous_0)","decl":{"start":{"line":12,"column":29},"end":{"line":12,"column":30}},"loc":{"start":{"line":12,"column":66},"end":{"line":52,"column":1}},"line":12},"1":{"name":"(anonymous_1)","decl":{"start":{"line":27,"column":12},"end":{"line":27,"column":13}},"loc":{"start":{"line":27,"column":18},"end":{"line":43,"column":3}},"line":27}},"branchMap":{"0":{"loc":{"start":{"line":28,"column":4},"end":{"line":42,"column":5}},"type":"if","locations":[{"start":{"line":28,"column":4},"end":{"line":42,"column":5}},{"start":{"line":40,"column":11},"end":{"line":42,"column":5}}],"line":28},"1":{"loc":{"start":{"line":29,"column":6},"end":{"line":33,"column":22}},"type":"binary-expr","locations":[{"start":{"line":29,"column":6},"end":{"line":29,"column":28}},{"start":{"line":30,"column":7},"end":{"line":30,"column":24}},{"start":{"line":31,"column":8},"end":{"line":31,"column":32}},{"start":{"line":32,"column":8},"end":{"line":32,"column":23}},{"start":{"line":33,"column":8},"end":{"line":33,"column":21}}],"line":29},"2":{"loc":{"start":{"line":35,"column":29},"end":{"line":35,"column":52}},"type":"binary-expr","locations":[{"start":{"line":35,"column":29},"end":{"line":35,"column":46}},{"start":{"line":35,"column":50},"end":{"line":35,"column":52}}],"line":35},"3":{"loc":{"start":{"line":36,"column":36},"end":{"line":36,"column":66}},"type":"binary-expr","locations":[{"start":{"line":36,"column":36},"end":{"line":36,"column":60}},{"start":{"line":36,"column":64},"end":{"line":36,"column":66}}],"line":36},"4":{"loc":{"start":{"line":37,"column":27},"end":{"line":37,"column":48}},"type":"binary-expr","locations":[{"start":{"line":37,"column":27},"end":{"line":37,"column":42}},{"start":{"line":37,"column":46},"end":{"line":37,"column":48}}],"line":37},"5":{"loc":{"start":{"line":38,"column":25},"end":{"line":38,"column":44}},"type":"binary-expr","locations":[{"start":{"line":38,"column":25},"end":{"line":38,"column":38}},{"start":{"line":38,"column":42},"end":{"line":38,"column":44}}],"line":38},"6":{"loc":{"start":{"line":40,"column":11},"end":{"line":42,"column":5}},"type":"if","locations":[{"start":{"line":40,"column":11},"end":{"line":42,"column":5}},{"start":{},"end":{}}],"line":40}},"s":{"0":0,"1":0,"2":0,"3":0,"4":0,"5":0,"6":0,"7":0,"8":0,"9":0,"10":0,"11":0,"12":0,"13":0,"14":0},"f":{"0":0,"1":0},"b":{"0":[0,0],"1":[0,0,0,0,0],"2":[0,0],"3":[0,0],"4":[0,0],"5":[0,0],"6":[0,0]}}
,"C:\\Users\\Jun\\Desktop\\markcloud-assignment\\src\\components\\domain\\Trademark\\TrademarkSkeleton\\TrademarkSkeleton.tsx": {"path":"C:\\Users\\Jun\\Desktop\\markcloud-assignment\\src\\components\\domain\\Trademark\\TrademarkSkeleton\\TrademarkSkeleton.tsx","statementMap":{"0":{"start":{"line":1,"column":26},"end":{"line":90,"column":1}},"1":{"start":{"line":2,"column":2},"end":{"line":89,"column":4}},"2":{"start":{"line":92,"column":30},"end":{"line":100,"column":1}},"3":{"start":{"line":93,"column":2},"end":{"line":99,"column":4}},"4":{"start":{"line":96,"column":8},"end":{"line":96,"column":41}}},"fnMap":{"0":{"name":"(anonymous_0)","decl":{"start":{"line":1,"column":26},"end":{"line":1,"column":27}},"loc":{"start":{"line":1,"column":32},"end":{"line":90,"column":1}},"line":1},"1":{"name":"(anonymous_1)","decl":{"start":{"line":92,"column":30},"end":{"line":92,"column":31}},"loc":{"start":{"line":92,"column":69},"end":{"line":100,"column":1}},"line":92},"2":{"name":"(anonymous_2)","decl":{"start":{"line":95,"column":41},"end":{"line":95,"column":42}},"loc":{"start":{"line":96,"column":8},"end":{"line":96,"column":41}},"line":96}},"branchMap":{"0":{"loc":{"start":{"line":92,"column":33},"end":{"line":92,"column":42}},"type":"default-arg","locations":[{"start":{"line":92,"column":41},"end":{"line":92,"column":42}}],"line":92}},"s":{"0":0,"1":0,"2":0,"3":0,"4":0},"f":{"0":0,"1":0,"2":0},"b":{"0":[0]}}
,"C:\\Users\\Jun\\Desktop\\markcloud-assignment\\src\\components\\layout\\index.ts": {"path":"C:\\Users\\Jun\\Desktop\\markcloud-assignment\\src\\components\\layout\\index.ts","statementMap":{},"fnMap":{},"branchMap":{},"s":{},"f":{},"b":{}}
,"C:\\Users\\Jun\\Desktop\\markcloud-assignment\\src\\components\\layout\\Header\\Header.tsx": {"path":"C:\\Users\\Jun\\Desktop\\markcloud-assignment\\src\\components\\layout\\Header\\Header.tsx","statementMap":{"0":{"start":{"line":7,"column":15},"end":{"line":193,"column":1}},"1":{"start":{"line":8,"column":20},"end":{"line":8,"column":34}},"2":{"start":{"line":9,"column":19},"end":{"line":9,"column":32}},"3":{"start":{"line":10,"column":50},"end":{"line":10,"column":65}},"4":{"start":{"line":12,"column":26},"end":{"line":12,"column":60}},"5":{"start":{"line":13,"column":27},"end":{"line":13,"column":62}},"6":{"start":{"line":16,"column":2},"end":{"line":25,"column":25}},"7":{"start":{"line":17,"column":4},"end":{"line":21,"column":5}},"8":{"start":{"line":18,"column":6},"end":{"line":18,"column":46}},"9":{"start":{"line":20,"column":6},"end":{"line":20,"column":45}},"10":{"start":{"line":22,"column":4},"end":{"line":24,"column":6}},"11":{"start":{"line":23,"column":6},"end":{"line":23,"column":45}},"12":{"start":{"line":28,"column":2},"end":{"line":30,"column":26}},"13":{"start":{"line":29,"column":4},"end":{"line":29,"column":31}},"14":{"start":{"line":32,"column":27},"end":{"line":34,"column":3}},"15":{"start":{"line":33,"column":4},"end":{"line":33,"column":41}},"16":{"start":{"line":33,"column":34},"end":{"line":33,"column":39}},"17":{"start":{"line":36,"column":2},"end":{"line":192,"column":4}}},"fnMap":{"0":{"name":"(anonymous_0)","decl":{"start":{"line":7,"column":15},"end":{"line":7,"column":16}},"loc":{"start":{"line":7,"column":21},"end":{"line":193,"column":1}},"line":7},"1":{"name":"(anonymous_1)","decl":{"start":{"line":16,"column":12},"end":{"line":16,"column":13}},"loc":{"start":{"line":16,"column":18},"end":{"line":25,"column":3}},"line":16},"2":{"name":"(anonymous_2)","decl":{"start":{"line":22,"column":11},"end":{"line":22,"column":12}},"loc":{"start":{"line":22,"column":17},"end":{"line":24,"column":5}},"line":22},"3":{"name":"(anonymous_3)","decl":{"start":{"line":28,"column":12},"end":{"line":28,"column":13}},"loc":{"start":{"line":28,"column":18},"end":{"line":30,"column":3}},"line":28},"4":{"name":"(anonymous_4)","decl":{"start":{"line":32,"column":27},"end":{"line":32,"column":28}},"loc":{"start":{"line":32,"column":33},"end":{"line":34,"column":3}},"line":32},"5":{"name":"(anonymous_5)","decl":{"start":{"line":33,"column":24},"end":{"line":33,"column":25}},"loc":{"start":{"line":33,"column":34},"end":{"line":33,"column":39}},"line":33}},"branchMap":{"0":{"loc":{"start":{"line":17,"column":4},"end":{"line":21,"column":5}},"type":"if","locations":[{"start":{"line":17,"column":4},"end":{"line":21,"column":5}},{"start":{"line":19,"column":11},"end":{"line":21,"column":5}}],"line":17},"1":{"loc":{"start":{"line":53,"column":13},"end":{"line":66,"column":13}},"type":"binary-expr","locations":[{"start":{"line":53,"column":13},"end":{"line":53,"column":30}},{"start":{"line":54,"column":14},"end":{"line":65,"column":23}}],"line":53},"2":{"loc":{"start":{"line":67,"column":13},"end":{"line":92,"column":13}},"type":"binary-expr","locations":[{"start":{"line":67,"column":13},"end":{"line":67,"column":29}},{"start":{"line":68,"column":14},"end":{"line":91,"column":23}}],"line":67},"3":{"loc":{"start":{"line":82,"column":20},"end":{"line":82,"column":50}},"type":"binary-expr","locations":[{"start":{"line":82,"column":20},"end":{"line":82,"column":29}},{"start":{"line":82,"column":33},"end":{"line":82,"column":50}}],"line":82},"4":{"loc":{"start":{"line":86,"column":17},"end":{"line":90,"column":17}},"type":"binary-expr","locations":[{"start":{"line":86,"column":17},"end":{"line":86,"column":26}},{"start":{"line":87,"column":18},"end":{"line":89,"column":25}}],"line":86},"5":{"loc":{"start":{"line":101,"column":13},"end":{"line":105,"column":13}},"type":"cond-expr","locations":[{"start":{"line":102,"column":14},"end":{"line":102,"column":48}},{"start":{"line":104,"column":14},"end":{"line":104,"column":47}}],"line":101},"6":{"loc":{"start":{"line":111,"column":7},"end":{"line":190,"column":7}},"type":"binary-expr","locations":[{"start":{"line":111,"column":7},"end":{"line":111,"column":23}},{"start":{"line":112,"column":8},"end":{"line":189,"column":11}}],"line":111},"7":{"loc":{"start":{"line":147,"column":19},"end":{"line":160,"column":19}},"type":"binary-expr","locations":[{"start":{"line":147,"column":19},"end":{"line":147,"column":36}},{"start":{"line":148,"column":20},"end":{"line":159,"column":27}}],"line":147},"8":{"loc":{"start":{"line":161,"column":19},"end":{"line":184,"column":19}},"type":"binary-expr","locations":[{"start":{"line":161,"column":19},"end":{"line":161,"column":35}},{"start":{"line":162,"column":20},"end":{"line":183,"column":27}}],"line":161},"9":{"loc":{"start":{"line":174,"column":26},"end":{"line":174,"column":56}},"type":"binary-expr","locations":[{"start":{"line":174,"column":26},"end":{"line":174,"column":35}},{"start":{"line":174,"column":39},"end":{"line":174,"column":56}}],"line":174},"10":{"loc":{"start":{"line":178,"column":23},"end":{"line":182,"column":23}},"type":"binary-expr","locations":[{"start":{"line":178,"column":23},"end":{"line":178,"column":32}},{"start":{"line":179,"column":24},"end":{"line":181,"column":31}}],"line":178}},"s":{"0":0,"1":0,"2":0,"3":0,"4":0,"5":0,"6":0,"7":0,"8":0,"9":0,"10":0,"11":0,"12":0,"13":0,"14":0,"15":0,"16":0,"17":0},"f":{"0":0,"1":0,"2":0,"3":0,"4":0,"5":0},"b":{"0":[0,0],"1":[0,0],"2":[0,0],"3":[0,0],"4":[0,0],"5":[0,0],"6":[0,0],"7":[0,0],"8":[0,0],"9":[0,0],"10":[0,0]}}
[...]
e":61,"column":59}},"17":{"start":{"line":64,"column":2},"end":{"line":79,"column":5}},"18":{"start":{"line":65,"column":4},"end":{"line":78,"column":7}},"19":{"start":{"line":66,"column":19},"end":{"line":66,"column":55}},"20":{"start":{"line":67,"column":22},"end":{"line":67,"column":45}},"21":{"start":{"line":69,"column":30},"end":{"line":69,"column":54}},"22":{"start":{"line":70,"column":31},"end":{"line":70,"column":56}},"23":{"start":{"line":72,"column":6},"end":{"line":77,"column":9}},"24":{"start":{"line":81,"column":2},"end":{"line":86,"column":50}},"25":{"start":{"line":82,"column":28},"end":{"line":85,"column":5}},"26":{"start":{"line":86,"column":20},"end":{"line":86,"column":48}},"27":{"start":{"line":95,"column":35},"end":{"line":130,"column":1}},"28":{"start":{"line":98,"column":22},"end":{"line":98,"column":64}},"29":{"start":{"line":99,"column":20},"end":{"line":99,"column":59}},"30":{"start":{"line":102,"column":2},"end":{"line":113,"column":5}},"31":{"start":{"line":103,"column":4},"end":{"line":112,"column":7}},"32":{"start":{"line":104,"column":6},"end":{"line":111,"column":9}},"33":{"start":{"line":106,"column":10},"end":{"line":106,"column":66}},"34":{"start":{"line":107,"column":8},"end":{"line":110,"column":11}},"35":{"start":{"line":115,"column":2},"end":{"line":129,"column":40}},"36":{"start":{"line":117,"column":20},"end":{"line":120,"column":7}},"37":{"start":{"line":118,"column":26},"end":{"line":118,"column":54}},"38":{"start":{"line":121,"column":6},"end":{"line":125,"column":8}},"39":{"start":{"line":127,"column":20},"end":{"line":127,"column":53}},"40":{"start":{"line":129,"column":34},"end":{"line":129,"column":38}},"41":{"start":{"line":138,"column":47},"end":{"line":220,"column":1}},"42":{"start":{"line":141,"column":28},"end":{"line":173,"column":3}},"43":{"start":{"line":142,"column":4},"end":{"line":142,"column":54}},"44":{"start":{"line":142,"column":42},"end":{"line":142,"column":54}},"45":{"start":{"line":143,"column":4},"end":{"line":143,"column":45}},"46":{"start":{"line":143,"column":33},"end":{"line":143,"column":45}},"47":{"start":{"line":146,"column":4},"end":{"line":146,"column":65}},"48":{"start":{"line":146,"column":53},"end":{"line":146,"column":65}},"49":{"start":{"line":148,"column":4},"end":{"line":172,"column":5}},"50":{"start":{"line":149,"column":18},"end":{"line":154,"column":7}},"51":{"start":{"line":155,"column":18},"end":{"line":160,"column":7}},"52":{"start":{"line":163,"column":6},"end":{"line":163,"column":68}},"53":{"start":{"line":163,"column":56},"end":{"line":163,"column":68}},"54":{"start":{"line":165,"column":23},"end":{"line":165,"column":52}},"55":{"start":{"line":167,"column":6},"end":{"line":167,"column":36}},"56":{"start":{"line":167,"column":24},"end":{"line":167,"column":36}},"57":{"start":{"line":169,"column":6},"end":{"line":169,"column":58}},"58":{"start":{"line":171,"column":6},"end":{"line":171,"column":18}},"59":{"start":{"line":175,"column":17},"end":{"line":181,"column":3}},"60":{"start":{"line":183,"column":20},"end":{"line":183,"column":59}},"61":{"start":{"line":184,"column":19},"end":{"line":184,"column":61}},"62":{"start":{"line":186,"column":2},"end":{"line":192,"column":5}},"63":{"start":{"line":187,"column":26},"end":{"line":187,"column":55}},"64":{"start":{"line":188,"column":4},"end":{"line":190,"column":7}},"65":{"start":{"line":189,"column":6},"end":{"line":189,"column":33}},"66":{"start":{"line":191,"column":4},"end":{"line":191,"column":45}},"67":{"start":{"line":195,"column":2},"end":{"line":214,"column":5}},"68":{"start":{"line":196,"column":4},"end":{"line":213,"column":7}},"69":{"start":{"line":197,"column":23},"end":{"line":200,"column":7}},"70":{"start":{"line":201,"column":6},"end":{"line":212,"column":7}},"71":{"start":{"line":202,"column":22},"end":{"line":204,"column":9}},"72":{"start":{"line":203,"column":17},"end":{"line":203,"column":55}},"73":{"start":{"line":205,"column":8},"end":{"line":211,"column":9}},"74":{"start":{"line":206,"column":26},"end":{"line":206,"column":52}},"75":{"start":{"line":207,"column":10},"end":{"line":210,"column":13}},"76":{"start":{"line":216,"column":2},"end":{"line":219,"column":6}},"77":{"start":{"line":216,"column":66},"end":{"line":219,"column":3}}},"fnMap":{"0":{"name":"(anonymous_0)","decl":{"start":{"line":9,"column":33},"end":{"line":9,"column":34}},"loc":{"start":{"line":11,"column":20},"end":{"line":49,"column":1}},"line":11},"1":{"name":"(anonymous_1)","decl":{"start":{"line":16,"column":20},"end":{"line":16,"column":21}},"loc":{"start":{"line":16,"column":33},"end":{"line":25,"column":3}},"line":16},"2":{"name":"(anonymous_2)","decl":{"start":{"line":17,"column":35},"end":{"line":17,"column":36}},"loc":{"start":{"line":17,"column":45},"end":{"line":24,"column":5}},"line":17},"3":{"name":"(anonymous_3)","decl":{"start":{"line":36,"column":9},"end":{"line":36,"column":10}},"loc":{"start":{"line":36,"column":31},"end":{"line":46,"column":5}},"line":36},"4":{"name":"(anonymous_4)","decl":{"start":{"line":38,"column":8},"end":{"line":38,"column":9}},"loc":{"start":{"line":38,"column":26},"end":{"line":38,"column":54}},"line":38},"5":{"name":"(anonymous_5)","decl":{"start":{"line":47,"column":10},"end":{"line":47,"column":11}},"loc":{"start":{"line":47,"column":20},"end":{"line":47,"column":53}},"line":47},"6":{"name":"(anonymous_6)","decl":{"start":{"line":48,"column":9},"end":{"line":48,"column":10}},"loc":{"start":{"line":48,"column":34},"end":{"line":48,"column":38}},"line":48},"7":{"name":"(anonymous_7)","decl":{"start":{"line":57,"column":31},"end":{"line":57,"column":32}},"loc":{"start":{"line":59,"column":19},"end":{"line":87,"column":1}},"line":59},"8":{"name":"(anonymous_8)","decl":{"start":{"line":64,"column":20},"end":{"line":64,"column":21}},"loc":{"start":{"line":64,"column":33},"end":{"line":79,"column":3}},"line":64},"9":{"name":"(anonymous_9)","decl":{"start":{"line":65,"column":35},"end":{"line":65,"column":36}},"loc":{"start":{"line":65,"column":45},"end":{"line":78,"column":5}},"line":65},"10":{"name":"(anonymous_10)","decl":{"start":{"line":82,"column":9},"end":{"line":82,"column":10}},"loc":{"start":{"line":82,"column":28},"end":{"line":85,"column":5}},"line":82},"11":{"name":"(anonymous_11)","decl":{"start":{"line":86,"column":10},"end":{"line":86,"column":11}},"loc":{"start":{"line":86,"column":20},"end":{"line":86,"column":48}},"line":86},"12":{"name":"(anonymous_12)","decl":{"start":{"line":95,"column":35},"end":{"line":95,"column":36}},"loc":{"start":{"line":97,"column":21},"end":{"line":130,"column":1}},"line":97},"13":{"name":"(anonymous_13)","decl":{"start":{"line":102,"column":20},"end":{"line":102,"column":21}},"loc":{"start":{"line":102,"column":33},"end":{"line":113,"column":3}},"line":102},"14":{"name":"(anonymous_14)","decl":{"start":{"line":103,"column":35},"end":{"line":103,"column":36}},"loc":{"start":{"line":103,"column":45},"end":{"line":112,"column":5}},"line":103},"15":{"name":"(anonymous_15)","decl":{"start":{"line":104,"column":42},"end":{"line":104,"column":43}},"loc":{"start":{"line":104,"column":52},"end":{"line":111,"column":7}},"line":104},"16":{"name":"(anonymous_16)","decl":{"start":{"line":116,"column":9},"end":{"line":116,"column":10}},"loc":{"start":{"line":116,"column":33},"end":{"line":126,"column":5}},"line":116},"17":{"name":"(anonymous_17)","decl":{"start":{"line":118,"column":8},"end":{"line":118,"column":9}},"loc":{"start":{"line":118,"column":26},"end":{"line":118,"column":54}},"line":118},"18":{"name":"(anonymous_18)","decl":{"start":{"line":127,"column":10},"end":{"line":127,"column":11}},"loc":{"start":{"line":127,"column":20},"end":{"line":127,"column":53}},"line":127},"19":{"name":"(anonymous_19)","decl":{"start":{"line":129,"column":9},"end":{"line":129,"column":10}},"loc":{"start":{"line":129,"column":34},"end":{"line":129,"column":38}},"line":129},"20":{"name":"(anonymous_20)","decl":{"start":{"line":138,"column":47},"end":{"line":138,"column":48}},"loc":{"start":{"line":140,"column":21},"end":{"line":220,"column":1}},"line":140},"21":{"name":"(anonymous_21)","decl":{"start":{"line":141,"column":28},"end":{"line":141,"column":29}},"loc":{"start":{"line":141,"column":75},"end":{"line":173,"column":3}},"line":141},"22":{"name":"(anonymous_22)","decl":{"start":{"line":186,"column":17},"end":{"line":186,"column":18}},"loc":{"start":{"line":186,"column":28},"end":{"line":192,"column":3}},"line":186},"23":{"name":"(anonymous_23)","decl":{"start":{"line":188,"column":22},"end":{"line":188,"column":23}},"loc":{"start":{"line":188,"column":35},"end":{"line":190,"column":5}},"line":188},"24":{"name":"(anonymous_24)","decl":{"start":{"line":195,"column":20},"end":{"line":195,"column":21}},"loc":{"start":{"line":195,"column":33},"end":{"line":214,"column":3}},"line":195},"25":{"name":"(anonymous_25)","decl":{"start":{"line":196,"column":35},"end":{"line":196,"column":36}},"loc":{"start":{"line":196,"column":45},"end":{"line":213,"column":5}},"line":196},"26":{"name":"(anonymous_26)","decl":{"start":{"line":203,"column":10},"end":{"line":203,"column":11}},"loc":{"start":{"line":203,"column":17},"end":{"line":203,"column":55}},"line":203},"27":{"name":"(anonymous_27)","decl":{"start":{"line":216,"column":44},"end":{"line":216,"column":45}},"loc":{"start":{"line":216,"column":66},"end":{"line":219,"column":3}},"line":216}},"branchMap":{"0":{"loc":{"start":{"line":19,"column":8},"end":{"line":19,"column":69}},"type":"binary-expr","locations":[{"start":{"line":19,"column":8},"end":{"line":19,"column":34}},{"start":{"line":19,"column":39},"end":{"line":19,"column":68}}],"line":19},"1":{"loc":{"start":{"line":22,"column":20},"end":{"line":22,"column":41}},"type":"binary-expr","locations":[{"start":{"line":22,"column":20},"end":{"line":22,"column":36}},{"start":{"line":22,"column":40},"end":{"line":22,"column":41}}],"line":22},"2":{"loc":{"start":{"line":38,"column":33},"end":{"line":38,"column":53}},"type":"binary-expr","locations":[{"start":{"line":38,"column":33},"end":{"line":38,"column":48}},{"start":{"line":38,"column":52},"end":{"line":38,"column":53}}],"line":38},"3":{"loc":{"start":{"line":42,"column":16},"end":{"line":42,"column":46}},"type":"binary-expr","locations":[{"start":{"line":42,"column":16},"end":{"line":42,"column":36}},{"start":{"line":42,"column":40},"end":{"line":42,"column":46}}],"line":42},"4":{"loc":{"start":{"line":47,"column":21},"end":{"line":47,"column":34}},"type":"binary-expr","locations":[{"start":{"line":47,"column":21},"end":{"line":47,"column":29}},{"start":{"line":47,"column":33},"end":{"line":47,"column":34}}],"line":47},"5":{"loc":{"start":{"line":47,"column":39},"end":{"line":47,"column":52}},"type":"binary-expr","locations":[{"start":{"line":47,"column":39},"end":{"line":47,"column":47}},{"start":{"line":47,"column":51},"end":{"line":47,"column":52}}],"line":47},"6":{"loc":{"start":{"line":67,"column":22},"end":{"line":67,"column":45}},"type":"binary-expr","locations":[{"start":{"line":67,"column":22},"end":{"line":67,"column":39}},{"start":{"line":67,"column":43},"end":{"line":67,"column":45}}],"line":67},"7":{"loc":{"start":{"line":74,"column":28},"end":{"line":74,"column":57}},"type":"binary-expr","locations":[{"start":{"line":74,"column":28},"end":{"line":74,"column":52}},{"start":{"line":74,"column":56},"end":{"line":74,"column":57}}],"line":74},"8":{"loc":{"start":{"line":76,"column":11},"end":{"line":76,"column":41}},"type":"binary-expr","locations":[{"start":{"line":76,"column":11},"end":{"line":76,"column":36}},{"start":{"line":76,"column":40},"end":{"line":76,"column":41}}],"line":76},"9":{"loc":{"start":{"line":76,"column":46},"end":{"line":76,"column":75}},"type":"cond-expr","locations":[{"start":{"line":76,"column":70},"end":{"line":76,"column":71}},{"start":{"line":76,"column":74},"end":{"line":76,"column":75}}],"line":76},"10":{"loc":{"start":{"line":106,"column":10},"end":{"line":106,"column":66}},"type":"binary-expr","locations":[{"start":{"line":106,"column":10},"end":{"line":106,"column":31}},{"start":{"line":106,"column":36},"end":{"line":106,"column":65}}],"line":106},"11":{"loc":{"start":{"line":109,"column":22},"end":{"line":109,"column":43}},"type":"binary-expr","locations":[{"start":{"line":109,"column":22},"end":{"line":109,"column":38}},{"start":{"line":109,"column":42},"end":{"line":109,"column":43}}],"line":109},"12":{"loc":{"start":{"line":118,"column":33},"end":{"line":118,"column":53}},"type":"binary-expr","locations":[{"start":{"line":118,"column":33},"end":{"line":118,"column":48}},{"start":{"line":118,"column":52},"end":{"line":118,"column":53}}],"line":118},"13":{"loc":{"start":{"line":127,"column":21},"end":{"line":127,"column":34}},"type":"binary-expr","locations":[{"start":{"line":127,"column":21},"end":{"line":127,"column":29}},{"start":{"line":127,"column":33},"end":{"line":127,"column":34}}],"line":127},"14":{"loc":{"start":{"line":127,"column":39},"end":{"line":127,"column":52}},"type":"binary-expr","locations":[{"start":{"line":127,"column":39},"end":{"line":127,"column":47}},{"start":{"line":127,"column":51},"end":{"line":127,"column":52}}],"line":127},"15":{"loc":{"start":{"line":142,"column":4},"end":{"line":142,"column":54}},"type":"if","locations":[{"start":{"line":142,"column":4},"end":{"line":142,"column":54}},{"start":{},"end":{}}],"line":142},"16":{"loc":{"start":{"line":142,"column":8},"end":{"line":142,"column":40}},"type":"binary-expr","locations":[{"start":{"line":142,"column":8},"end":{"line":142,"column":16}},{"start":{"line":142,"column":20},"end":{"line":142,"column":40}}],"line":142},"17":{"loc":{"start":{"line":143,"column":4},"end":{"line":143,"column":45}},"type":"if","locations":[{"start":{"line":143,"column":4},"end":{"line":143,"column":45}},{"start":{},"end":{}}],"line":143},"18":{"loc":{"start":{"line":143,"column":8},"end":{"line":143,"column":31}},"type":"binary-expr","locations":[{"start":{"line":143,"column":8},"end":{"line":143,"column":19}},{"start":{"line":143,"column":23},"end":{"line":143,"column":31}}],"line":143},"19":{"loc":{"start":{"line":146,"column":4},"end":{"line":146,"column":65}},"type":"if","locations":[{"start":{"line":146,"column":4},"end":{"line":146,"column":65}},{"start":{},"end":{}}],"line":146},"20":{"loc":{"start":{"line":146,"column":8},"end":{"line":146,"column":51}},"type":"binary-expr","locations":[{"start":{"line":146,"column":8},"end":{"line":146,"column":26}},{"start":{"line":146,"column":30},"end":{"line":146,"column":51}}],"line":146},"21":{"loc":{"start":{"line":163,"column":6},"end":{"line":163,"column":68}},"type":"if","locations":[{"start":{"line":163,"column":6},"end":{"line":163,"column":68}},{"start":{},"end":{}}],"line":163},"22":{"loc":{"start":{"line":163,"column":10},"end":{"line":163,"column":54}},"type":"binary-expr","locations":[{"start":{"line":163,"column":10},"end":{"line":163,"column":30}},{"start":{"line":163,"column":34},"end":{"line":163,"column":54}}],"line":163},"23":{"loc":{"start":{"line":167,"column":6},"end":{"line":167,"column":36}},"type":"if","locations":[{"start":{"line":167,"column":6},"end":{"line":167,"column":36}},{"start":{},"end":{}}],"line":167},"24":{"loc":{"start":{"line":201,"column":6},"end":{"line":212,"column":7}},"type":"if","locations":[{"start":{"line":201,"column":6},"end":{"line":212,"column":7}},{"start":{},"end":{}}],"line":201},"25":{"loc":{"start":{"line":203,"column":17},"end":{"line":203,"column":55}},"type":"binary-expr","locations":[{"start":{"line":203,"column":17},"end":{"line":203,"column":34}},{"start":{"line":203,"column":38},"end":{"line":203,"column":55}}],"line":203},"26":{"loc":{"start":{"line":205,"column":8},"end":{"line":211,"column":9}},"type":"if","locations":[{"start":{"line":205,"column":8},"end":{"line":211,"column":9}},{"start":{},"end":{}}],"line":205},"27":{"loc":{"start":{"line":209,"column":24},"end":{"line":209,"column":45}},"type":"binary-expr","locations":[{"start":{"line":209,"column":24},"end":{"line":209,"column":40}},{"start":{"line":209,"column":44},"end":{"line":209,"column":45}}],"line":209}},"s":{"0":4,"1":10,"2":10,"3":10,"4":13,"5":20,"6":20,"7":10,"8":10,"9":14,"10":19,"11":14,"12":5,"13":14,"14":4,"15":5,"16":5,"17":5,"18":7,"19":9,"20":9,"21":9,"22":9,"23":9,"24":5,"25":7,"26":5,"27":4,"28":5,"29":5,"30":5,"31":7,"32":23,"33":24,"34":24,"35":5,"36":22,"37":25,"38":22,"39":18,"40":17,"41":4,"42":7,"43":9,"44":1,"45":8,"46":0,"47":8,"48":2,"49":6,"50":6,"51":6,"52":6,"53":0,"54":6,"55":6,"56":1,"57":5,"58":0,"59":7,"60":7,"61":7,"62":7,"63":35,"64":35,"65":45,"66":35,"67":7,"68":9,"69":9,"70":9,"71":5,"72":12,"73":5,"74":5,"75":5,"76":7,"77":35},"f":{"0":10,"1":13,"2":20,"3":14,"4":19,"5":5,"6":14,"7":5,"8":7,"9":9,"10":7,"11":5,"12":5,"13":7,"14":23,"15":24,"16":22,"17":25,"18":18,"19":17,"20":7,"21":9,"22":35,"23":45,"24":9,"25":9,"26":12,"27":35},"b":{"0":[20,14],"1":[20,15],"2":[19,4],"3":[14,1],"4":[5,0],"5":[5,0],"6":[9,7],"7":[9,8],"8":[9,8],"9":[4,5],"10":[24,22],"11":[24,22],"12":[25,3],"13":[18,0],"14":[18,0],"15":[1,8],"16":[9,8],"17":[0,8],"18":[8,8],"19":[2,6],"20":[8,6],"21":[0,6],"22":[6,6],"23":[1,5],"24":[5,4],"25":[12,12],"26":[5,0],"27":[5,5]},"_coverageSchema":"1a1c01bbd47fc00a2c39e90264f33305004495a9","hash":"c28b44b42d82bdea5cfb10dffc494f319dea305f"}
,"C:\\Users\\Jun\\Desktop\\markcloud-assignment\\src\\utils\\statistics\\chartColors.ts": {"path":"C:\\Users\\Jun\\Desktop\\markcloud-assignment\\src\\utils\\statistics\\chartColors.ts","statementMap":{"0":{"start":{"line":5,"column":2},"end":{"line":14,"column":3}},"1":{"start":{"line":17,"column":23},"end":{"line":23,"column":1}},"2":{"start":{"line":26,"column":31},"end":{"line":35,"column":1}},"3":{"start":{"line":30,"column":2},"end":{"line":32,"column":3}},"4":{"start":{"line":31,"column":4},"end":{"line":31,"column":35}},"5":{"start":{"line":34,"column":2},"end":{"line":34,"column":55}},"6":{"start":{"line":38,"column":35},"end":{"line":54,"column":1}},"7":{"start":{"line":41,"column":73},"end":{"line":41,"column":75}},"8":{"start":{"line":42,"column":21},"end":{"line":42,"column":22}},"9":{"start":{"line":44,"column":2},"end":{"line":51,"column":5}},"10":{"start":{"line":45,"column":4},"end":{"line":50,"column":5}},"11":{"start":{"line":46,"column":6},"end":{"line":46,"column":48}},"12":{"start":{"line":48,"column":6},"end":{"line":48,"column":77}},"13":{"start":{"line":49,"column":6},"end":{"line":49,"column":21}},"14":{"start":{"line":53,"column":2},"end":{"line":53,"column":75}}},"fnMap":{"0":{"name":"(anonymous_0)","decl":{"start":{"line":26,"column":31},"end":{"line":26,"column":32}},"loc":{"start":{"line":29,"column":45},"end":{"line":35,"column":1}},"line":29},"1":{"name":"(anonymous_1)","decl":{"start":{"line":38,"column":35},"end":{"line":38,"column":36}},"loc":{"start":{"line":40,"column":62},"end":{"line":54,"column":1}},"line":40},"2":{"name":"(anonymous_2)","decl":{"start":{"line":44,"column":20},"end":{"line":44,"column":21}},"loc":{"start":{"line":44,"column":33},"end":{"line":51,"column":3}},"line":44}},"branchMap":{"0":{"loc":{"start":{"line":28,"column":2},"end":{"line":28,"column":19}},"type":"default-arg","locations":[{"start":{"line":28,"column":18},"end":{"line":28,"column":19}}],"line":28},"1":{"loc":{"start":{"line":30,"column":2},"end":{"line":32,"column":3}},"type":"if","locations":[{"start":{"line":30,"column":2},"end":{"line":32,"column":3}},{"start":{},"end":{}}],"line":30},"2":{"loc":{"start":{"line":45,"column":4},"end":{"line":50,"column":5}},"type":"if","locations":[{"start":{"line":45,"column":4},"end":{"line":50,"column":5}},{"start":{"line":47,"column":11},"end":{"line":50,"column":5}}],"line":45}},"s":{"0":3,"1":3,"2":3,"3":0,"4":0,"5":0,"6":3,"7":0,"8":0,"9":0,"10":0,"11":0,"12":0,"13":0,"14":0},"f":{"0":0,"1":0,"2":0},"b":{"0":[0],"1":[0,0],"2":[0,0]},"_coverageSchema":"1a1c01bbd47fc00a2c39e90264f33305004495a9","hash":"170ffabcc339d141df3e63a12eb00cec77b86d49"}
}
