TN:
SF:src\App.tsx
FN:7,(anonymous_0)
FNF:1
FNH:0
FNDA:0,(anonymous_0)
DA:7,0
DA:8,0
LF:2
LH:0
BRF:0
BRH:0
end_of_record
TN:
SF:src\components\common\index.ts
FNF:0
FNH:0
LF:0
LH:0
BRF:0
BRH:0
end_of_record
TN:
SF:src\components\common\Button\BUTTON_STYLES.ts
FNF:0
FNH:0
DA:2,0
DA:4,0
DA:11,0
LF:3
LH:0
BRF:0
BRH:0
end_of_record
TN:
SF:src\components\common\Button\Button.tsx
FN:54,(anonymous_0)
FNF:1
FNH:0
FNDA:0,(anonymous_0)
DA:54,0
DA:62,0
DA:69,0
DA:70,0
DA:71,0
DA:78,0
DA:79,0
DA:89,0
LF:8
LH:0
BRDA:55,0,0,0
BRDA:56,1,0,0
BRDA:57,2,0,0
BRDA:69,3,0,0
BRDA:69,3,1,0
BRDA:78,4,0,0
BRDA:78,4,1,0
BRF:7
BRH:0
end_of_record
TN:
SF:src\components\common\EmptyState\BUTTON_STYLES.ts
FNF:0
FNH:0
DA:2,0
LF:1
LH:0
BRF:0
BRH:0
end_of_record
TN:
SF:src\components\common\EmptyState\EmptyState.tsx
FN:49,(anonymous_0)
FNF:1
FNH:0
FNDA:0,(anonymous_0)
DA:49,0
DA:50,0
LF:2
LH:0
BRDA:52,0,0,0
BRDA:52,0,1,0
BRDA:54,1,0,0
BRDA:54,1,1,0
BRDA:59,2,0,0
BRDA:59,2,1,0
BRF:6
BRH:0
end_of_record
TN:
SF:src\components\common\ErrorMessage\ErrorMessage.tsx
FN:44,(anonymous_0)
FNF:1
FNH:0
FNDA:0,(anonymous_0)
DA:44,0
DA:45,0
LF:2
LH:0
BRDA:56,0,0,0
BRDA:56,0,1,0
BRF:2
BRH:0
end_of_record
TN:
SF:src\components\common\Icon\Icon.tsx
FN:11,(anonymous_0)
FN:30,(anonymous_1)
FN:51,(anonymous_2)
FN:72,(anonymous_3)
FN:93,(anonymous_4)
FN:114,(anonymous_5)
FNF:6
FNH:0
FNDA:0,(anonymous_0)
FNDA:0,(anonymous_1)
FNDA:0,(anonymous_2)
FNDA:0,(anonymous_3)
FNDA:0,(anonymous_4)
FNDA:0,(anonymous_5)
DA:11,0
DA:12,0
DA:30,0
DA:31,0
DA:51,0
DA:52,0
DA:72,0
DA:73,0
DA:93,0
DA:94,0
DA:114,0
DA:115,0
DA:168,0
LF:13
LH:0
BRF:0
BRH:0
end_of_record
TN:
SF:src\components\common\Input\Input.tsx
FN:56,(anonymous_0)
FNF:1
FNH:0
FNDA:0,(anonymous_0)
DA:55,0
DA:57,0
DA:79,0
LF:3
LH:0
BRDA:56,0,0,0
BRDA:59,1,0,0
BRDA:59,1,1,0
BRDA:68,2,0,0
BRDA:68,2,1,0
BRDA:73,3,0,0
BRDA:73,3,1,0
BRF:7
BRH:0
end_of_record
TN:
SF:src\components\common\Modal\MODAL_STYLES.ts
FNF:0
FNH:0
DA:1,0
LF:1
LH:0
BRF:0
BRH:0
end_of_record
TN:
SF:src\components\common\Modal\Modal.tsx
FN:79,(anonymous_0)
FN:86,(anonymous_1)
FN:92,(anonymous_2)
FN:113,(anonymous_3)
FNF:4
FNH:0
FNDA:0,(anonymous_0)
FNDA:0,(anonymous_1)
FNDA:0,(anonymous_2)
FNDA:0,(anonymous_3)
DA:79,0
DA:86,0
DA:87,0
DA:88,0
DA:90,0
DA:92,0
DA:93,0
DA:97,0
DA:99,0
DA:113,0
LF:10
LH:0
BRDA:84,0,0,0
BRDA:87,1,0,0
BRDA:87,1,1,0
BRDA:97,2,0,0
BRDA:97,2,1,0
BRDA:115,3,0,0
BRDA:115,3,1,0
BRF:7
BRH:0
end_of_record
TN:
SF:src\components\common\PageHeader\PageHeader.tsx
FN:47,(anonymous_0)
FNF:1
FNH:0
FNDA:0,(anonymous_0)
DA:47,0
DA:48,0
LF:2
LH:0
BRDA:58,0,0,0
BRDA:58,0,1,0
BRF:2
BRH:0
end_of_record
TN:
SF:src\components\common\TopScrollButton\TopScrollButton.tsx
FN:24,(anonymous_0)
FN:31,(anonymous_1)
FN:32,(anonymous_2)
FN:41,(anonymous_3)
FN:46,(anonymous_4)
FNF:5
FNH:0
FNDA:0,(anonymous_0)
FNDA:0,(anonymous_1)
FNDA:0,(anonymous_2)
FNDA:0,(anonymous_3)
FNDA:0,(anonymous_4)
DA:24,0
DA:29,0
DA:31,0
DA:32,0
DA:33,0
DA:34,0
DA:37,0
DA:39,0
DA:41,0
DA:42,0
DA:46,0
DA:47,0
DA:53,0
DA:55,0
LF:14
LH:0
BRDA:25,0,0,0
BRDA:33,1,0,0
BRDA:33,1,1,0
BRDA:53,2,0,0
BRDA:53,2,1,0
BRF:5
BRH:0
end_of_record
TN:
SF:src\components\domain\index.ts
FNF:0
FNH:0
LF:0
LH:0
BRF:0
BRH:0
end_of_record
TN:
SF:src\components\domain\Favorite\FavoritesView\FavoritesView.tsx
FN:9,(anonymous_0)
FN:40,(anonymous_1)
FN:44,(anonymous_2)
FN:57,(anonymous_3)
FNF:4
FNH:0
FNDA:0,(anonymous_0)
FNDA:0,(anonymous_1)
FNDA:0,(anonymous_2)
FNDA:0,(anonymous_3)
DA:9,0
DA:10,0
DA:12,0
DA:14,0
DA:41,0
DA:44,0
DA:57,0
LF:7
LH:0
BRDA:24,0,0,0
BRDA:24,0,1,0
BRDA:24,0,2,0
BRDA:37,1,0,0
BRDA:37,1,1,0
BRDA:49,2,0,0
BRDA:49,2,1,0
BRDA:49,2,2,0
BRF:8
BRH:0
end_of_record
TN:
SF:src\components\domain\Statistics\ProductCategoryChart\ProductCategoryChart.tsx
FN:20,(anonymous_0)
FN:38,(anonymous_1)
FNF:2
FNH:0
FNDA:0,(anonymous_0)
FNDA:0,(anonymous_1)
DA:20,0
DA:24,0
DA:26,0
DA:39,0
DA:40,0
DA:41,0
LF:6
LH:0
BRF:0
BRH:0
end_of_record
TN:
SF:src\components\domain\Statistics\RegistrationDurationChart\RegistrationDurationChart.tsx
FN:20,(anonymous_0)
FN:38,(anonymous_1)
FNF:2
FNH:0
FNDA:0,(anonymous_0)
FNDA:0,(anonymous_1)
DA:20,0
DA:24,0
DA:26,0
DA:39,0
DA:40,0
DA:41,0
LF:6
LH:0
BRF:0
BRH:0
end_of_record
TN:
SF:src\components\domain\Statistics\StatisticsSkeleton\StatisticsSkeleton.tsx
FN:1,(anonymous_0)
FN:4,(anonymous_1)
FNF:2
FNH:0
FNDA:0,(anonymous_0)
FNDA:0,(anonymous_1)
DA:1,0
DA:2,0
DA:5,0
LF:3
LH:0
BRF:0
BRH:0
end_of_record
TN:
SF:src\components\domain\Statistics\StatusDistributionChart\StatusDistributionChart.tsx
FN:20,(anonymous_0)
FN:38,(anonymous_1)
FNF:2
FNH:0
FNDA:0,(anonymous_0)
FNDA:0,(anonymous_1)
DA:20,0
DA:24,0
DA:26,0
DA:39,0
DA:40,0
DA:41,0
LF:6
LH:0
BRF:0
BRH:0
end_of_record
TN:
SF:src\components\domain\Statistics\YearlyTrendChart\YearlyTrendChart.tsx
FN:20,(anonymous_0)
FN:35,(anonymous_1)
FNF:2
FNH:0
FNDA:0,(anonymous_0)
FNDA:0,(anonymous_1)
DA:20,0
DA:21,0
DA:23,0
DA:36,0
DA:37,0
DA:38,0
LF:6
LH:0
BRF:0
BRH:0
end_of_record
TN:
SF:src\components\domain\Trademark\TrademarkDetailModal\TrademarkDetailModal.tsx
FN:17,(anonymous_0)
FN:60,(anonymous_1)
FN:75,(anonymous_2)
FN:76,(anonymous_3)
FN:91,(anonymous_4)
FN:104,(anonymous_5)
FNF:6
FNH:0
FNDA:0,(anonymous_0)
FNDA:0,(anonymous_1)
FNDA:0,(anonymous_2)
FNDA:0,(anonymous_3)
FNDA:0,(anonymous_4)
FNDA:0,(anonymous_5)
DA:17,0
DA:21,0
DA:23,0
DA:26,0
DA:27,0
DA:28,0
DA:29,0
DA:31,0
DA:61,0
DA:75,0
DA:77,0
DA:92,0
DA:105,0
LF:13
LH:0
BRDA:21,0,0,0
BRDA:21,0,1,0
BRDA:67,1,0,0
BRDA:67,1,1,0
BRDA:67,1,2,0
BRDA:84,2,0,0
BRDA:84,2,1,0
BRDA:84,2,2,0
BRF:8
BRH:0
end_of_record
TN:
SF:src\components\domain\Trademark\TrademarkDetailModal\fieldConfig.ts
FN:14,(anonymous_0)
FN:21,(anonymous_1)
FN:42,(anonymous_2)
FN:47,(anonymous_3)
FN:59,(anonymous_4)
FN:62,(anonymous_5)
FN:71,(anonymous_6)
FN:98,(anonymous_7)
FN:101,(anonymous_8)
FN:111,(anonymous_9)
FN:130,(anonymous_10)
FNF:11
FNH:0
FNDA:0,(anonymous_0)
FNDA:0,(anonymous_1)
FNDA:0,(anonymous_2)
FNDA:0,(anonymous_3)
FNDA:0,(anonymous_4)
FNDA:0,(anonymous_5)
FNDA:0,(anonymous_6)
FNDA:0,(anonymous_7)
FNDA:0,(anonymous_8)
FNDA:0,(anonymous_9)
FNDA:0,(anonymous_10)
DA:14,0
DA:17,0
DA:22,0
DA:24,0
DA:28,0
DA:42,0
DA:47,0
DA:50,0
DA:59,0
DA:63,0
DA:71,0
DA:74,0
DA:98,0
DA:102,0
DA:111,0
DA:114,0
DA:131,0
LF:17
LH:0
BRDA:24,0,0,0
BRDA:24,0,1,0
BRDA:24,1,0,0
BRDA:24,1,1,0
BRDA:28,2,0,0
BRDA:28,2,1,0
BRDA:58,3,0,0
BRDA:58,3,1,0
BRDA:63,4,0,0
BRDA:63,4,1,0
BRDA:78,5,0,0
BRDA:78,5,1,0
BRDA:78,6,0,0
BRDA:78,6,1,0
BRDA:85,7,0,0
BRDA:85,7,1,0
BRDA:85,8,0,0
BRDA:85,8,1,0
BRDA:102,9,0,0
BRDA:102,9,1,0
BRDA:102,9,2,0
BRDA:121,10,0,0
BRDA:121,10,1,0
BRDA:126,11,0,0
BRDA:126,11,1,0
BRDA:131,12,0,0
BRDA:131,12,1,0
BRDA:131,12,2,0
BRF:28
BRH:0
end_of_record
TN:
SF:src\components\domain\Trademark\TrademarkDetailModal\renderField.tsx
FN:3,(anonymous_0)
FNF:1
FNH:0
FNDA:0,(anonymous_0)
DA:3,0
DA:4,0
DA:6,0
DA:13,0
DA:14,0
DA:15,0
DA:26,0
LF:7
LH:0
BRDA:4,0,0,0
BRDA:4,0,1,0
BRDA:6,1,0,0
BRDA:6,1,1,0
BRDA:8,2,0,0
BRDA:8,2,1,0
BRDA:13,3,0,0
BRDA:13,3,1,0
BRDA:21,4,0,0
BRDA:21,4,1,0
BRF:10
BRH:0
end_of_record
TN:
SF:src\components\domain\Trademark\TrademarkList\TrademarkList.tsx
FN:12,(anonymous_0)
FN:19,(anonymous_1)
FN:32,(anonymous_2)
FN:35,(anonymous_3)
FN:38,(anonymous_4)
FN:58,(anonymous_5)
FN:66,(anonymous_6)
FN:85,(anonymous_7)
FN:89,(anonymous_8)
FN:102,(anonymous_9)
FNF:10
FNH:0
FNDA:0,(anonymous_0)
FNDA:0,(anonymous_1)
FNDA:0,(anonymous_2)
FNDA:0,(anonymous_3)
FNDA:0,(anonymous_4)
FNDA:0,(anonymous_5)
FNDA:0,(anonymous_6)
FNDA:0,(anonymous_7)
FNDA:0,(anonymous_8)
FNDA:0,(anonymous_9)
DA:12,0
DA:13,0
DA:14,0
DA:16,0
DA:19,0
DA:20,0
DA:24,0
DA:27,0
DA:32,0
DA:33,0
DA:35,0
DA:36,0
DA:38,0
DA:42,0
DA:43,0
DA:44,0
DA:45,0
DA:47,0
DA:58,0
DA:67,0
DA:68,0
DA:69,0
DA:86,0
DA:89,0
DA:102,0
LF:25
LH:0
BRDA:29,0,0,0
BRDA:29,0,1,0
BRDA:33,1,0,0
BRDA:33,1,1,0
BRDA:33,2,0,0
BRDA:33,2,1,0
BRDA:33,2,2,0
BRDA:42,3,0,0
BRDA:42,3,1,0
BRDA:44,4,0,0
BRDA:44,4,1,0
BRDA:45,5,0,0
BRDA:45,5,1,0
BRDA:49,6,0,0
BRDA:49,6,1,0
BRDA:51,7,0,0
BRDA:51,7,1,0
BRDA:54,8,0,0
BRDA:54,8,1,0
BRDA:62,9,0,0
BRDA:62,9,1,0
BRDA:74,10,0,0
BRDA:74,10,1,0
BRDA:74,10,2,0
BRDA:74,10,3,0
BRDA:94,11,0,0
BRDA:94,11,1,0
BRDA:96,12,0,0
BRDA:96,12,1,0
BRDA:96,12,2,0
BRF:30
BRH:0
end_of_record
TN:
SF:src\components\domain\Trademark\TrademarkListItem\STATUS_COLORS.ts
FNF:0
FNH:0
DA:1,0
LF:1
LH:0
BRF:0
BRH:0
end_of_record
TN:
SF:src\components\domain\Trademark\TrademarkListItem\TrademarkListItem.tsx
FN:14,(anonymous_0)
FN:18,(anonymous_1)
FNF:2
FNH:0
FNDA:0,(anonymous_0)
FNDA:0,(anonymous_1)
DA:14,0
DA:15,0
DA:16,0
DA:18,0
DA:19,0
DA:20,0
DA:23,0
LF:7
LH:0
BRDA:39,0,0,0
BRDA:39,0,1,0
BRDA:42,1,0,0
BRDA:42,1,1,0
BRDA:44,2,0,0
BRDA:44,2,1,0
BRDA:44,2,2,0
BRDA:80,3,0,0
BRDA:80,3,1,0
BRDA:88,4,0,0
BRDA:88,4,1,0
BRF:11
BRH:0
end_of_record
TN:
SF:src\components\domain\Trademark\TrademarkSearchFilter\TrademarkSearchFilter.tsx
FN:18,(anonymous_0)
FN:23,(anonymous_1)
FNF:2
FNH:0
FNDA:0,(anonymous_0)
FNDA:0,(anonymous_1)
DA:18,0
DA:19,0
DA:20,0
DA:21,0
DA:23,0
DA:24,0
DA:26,0
DA:35,0
LF:8
LH:0
BRDA:27,0,0,0
BRDA:27,0,1,0
BRDA:28,1,0,0
BRDA:28,1,1,0
BRDA:29,2,0,0
BRDA:29,2,1,0
BRDA:30,3,0,0
BRDA:30,3,1,0
BRF:8
BRH:0
end_of_record
TN:
SF:src\components\domain\Trademark\TrademarkSearchFilter\internal\components\index.ts
FNF:0
FNH:0
LF:0
LH:0
BRF:0
BRH:0
end_of_record
TN:
SF:src\components\domain\Trademark\TrademarkSearchFilter\internal\components\ActionButtons\ActionButtons.tsx
FN:17,(anonymous_0)
FN:20,(anonymous_1)
FNF:2
FNH:0
FNDA:0,(anonymous_0)
FNDA:0,(anonymous_1)
DA:17,0
DA:18,0
DA:20,0
DA:22,0
DA:27,0
DA:32,0
DA:37,0
DA:43,0
DA:44,0
DA:47,0
LF:10
LH:0
BRF:0
BRH:0
end_of_record
TN:
SF:src\components\domain\Trademark\TrademarkSearchFilter\internal\components\CountrySelector\CountrySelector.tsx
FN:6,(anonymous_0)
FN:10,(anonymous_1)
FN:17,(anonymous_2)
FN:21,(anonymous_3)
FNF:4
FNH:0
FNDA:0,(anonymous_0)
FNDA:0,(anonymous_1)
FNDA:0,(anonymous_2)
FNDA:0,(anonymous_3)
DA:6,0
DA:7,0
DA:8,0
DA:10,0
DA:11,0
DA:12,0
DA:15,0
DA:18,0
DA:21,0
LF:9
LH:0
BRDA:24,0,0,0
BRDA:24,0,1,0
BRF:2
BRH:0
end_of_record
TN:
SF:src\components\domain\Trademark\TrademarkSearchFilter\internal\components\SearchFields\SearchFields.tsx
FN:16,(anonymous_0)
FN:32,(anonymous_1)
FNF:2
FNH:0
FNDA:0,(anonymous_0)
FNDA:0,(anonymous_1)
DA:16,0
DA:17,0
DA:34,0
DA:35,0
LF:4
LH:0
BRF:0
BRH:0
end_of_record
TN:
SF:src\components\domain\Trademark\TrademarkSearchFilter\internal\components\SortDropdown\SortDropdown.tsx
FN:11,(anonymous_0)
FN:16,(anonymous_1)
FN:18,(anonymous_2)
FN:52,(anonymous_3)
FN:55,(anonymous_4)
FNF:5
FNH:0
FNDA:0,(anonymous_0)
FNDA:0,(anonymous_1)
FNDA:0,(anonymous_2)
FNDA:0,(anonymous_3)
FNDA:0,(anonymous_4)
DA:6,0
DA:11,0
DA:12,0
DA:13,0
DA:16,0
DA:18,0
DA:19,0
DA:20,0
DA:23,0
DA:53,0
DA:56,0
LF:11
LH:0
BRDA:16,0,0,0
BRDA:16,0,1,0
BRDA:36,1,0,0
BRDA:36,1,1,0
BRDA:44,2,0,0
BRDA:44,2,1,0
BRDA:50,3,0,0
BRDA:50,3,1,0
BRDA:60,4,0,0
BRDA:60,4,1,0
BRF:10
BRH:0
end_of_record
TN:
SF:src\components\domain\Trademark\TrademarkSearchFilter\internal\components\StatusFilter\StatusFilter.tsx
FN:6,(anonymous_0)
FN:10,(anonymous_1)
FN:13,(anonymous_2)
FN:24,(anonymous_3)
FN:30,(anonymous_4)
FNF:5
FNH:0
FNDA:0,(anonymous_0)
FNDA:0,(anonymous_1)
FNDA:0,(anonymous_2)
FNDA:0,(anonymous_3)
FNDA:0,(anonymous_4)
DA:6,0
DA:7,0
DA:8,0
DA:10,0
DA:11,0
DA:12,0
DA:13,0
DA:15,0
DA:18,0
DA:25,0
DA:26,0
DA:30,0
LF:12
LH:0
BRDA:11,0,0,0
BRDA:11,0,1,0
BRDA:12,1,0,0
BRDA:12,1,1,0
BRDA:15,2,0,0
BRDA:15,2,1,0
BRDA:33,3,0,0
BRDA:33,3,1,0
BRF:8
BRH:0
end_of_record
TN:
SF:src\components\domain\Trademark\TrademarkSearchFilter\internal\hooks\index.ts
FNF:0
FNH:0
LF:0
LH:0
BRF:0
BRH:0
end_of_record
TN:
SF:src\components\domain\Trademark\TrademarkSearchFilter\internal\hooks\useDropdown\useDropdown.ts
FN:3,(anonymous_0)
FN:8,(anonymous_1)
FN:9,(anonymous_2)
FN:22,(anonymous_3)
FN:27,(anonymous_4)
FN:27,(anonymous_5)
FN:28,(anonymous_6)
FNF:7
FNH:0
FNDA:0,(anonymous_0)
FNDA:0,(anonymous_1)
FNDA:0,(anonymous_2)
FNDA:0,(anonymous_3)
FNDA:0,(anonymous_4)
FNDA:0,(anonymous_5)
FNDA:0,(anonymous_6)
DA:3,0
DA:4,0
DA:5,0
DA:8,0
DA:9,0
DA:10,0
DA:14,0
DA:18,0
DA:19,0
DA:22,0
DA:23,0
DA:27,0
DA:28,0
DA:30,0
LF:14
LH:0
BRDA:10,0,0,0
BRDA:10,0,1,0
BRDA:11,1,0,0
BRDA:11,1,1,0
BRDA:18,2,0,0
BRDA:18,2,1,0
BRF:6
BRH:0
end_of_record
TN:
SF:src\components\domain\Trademark\TrademarkSearchFilter\internal\hooks\useFilterState\useFilterState.ts
FN:11,(anonymous_0)
FNF:1
FNH:0
FNDA:0,(anonymous_0)
DA:11,0
DA:12,0
DA:14,0
DA:15,0
DA:16,0
DA:17,0
DA:21,0
DA:27,0
DA:30,0
DA:32,0
LF:10
LH:0
BRDA:21,0,0,0
BRDA:21,0,1,0
BRDA:21,0,2,0
BRDA:21,0,3,0
BRDA:27,1,0,0
BRDA:27,1,1,0
BRDA:30,2,0,0
BRDA:30,2,1,0
BRF:8
BRH:0
end_of_record
TN:
SF:src\components\domain\Trademark\TrademarkSearchFilter\internal\hooks\useSearchForm\useSearchForm.ts
FN:12,(anonymous_0)
FN:27,(anonymous_1)
FNF:2
FNH:0
FNDA:0,(anonymous_0)
FNDA:0,(anonymous_1)
DA:12,0
DA:13,0
DA:14,0
DA:23,0
DA:24,0
DA:27,0
DA:28,0
DA:35,0
DA:36,0
DA:37,0
DA:38,0
DA:39,0
DA:40,0
DA:41,0
DA:51,0
LF:15
LH:0
BRDA:28,0,0,0
BRDA:28,0,1,0
BRDA:29,1,0,0
BRDA:29,1,1,0
BRDA:29,1,2,0
BRDA:29,1,3,0
BRDA:29,1,4,0
BRDA:35,2,0,0
BRDA:35,2,1,0
BRDA:36,3,0,0
BRDA:36,3,1,0
BRDA:37,4,0,0
BRDA:37,4,1,0
BRDA:38,5,0,0
BRDA:38,5,1,0
BRDA:40,6,0,0
BRDA:40,6,1,0
BRF:17
BRH:0
end_of_record
TN:
SF:src\components\domain\Trademark\TrademarkSkeleton\TrademarkSkeleton.tsx
FN:1,(anonymous_0)
FN:92,(anonymous_1)
FN:95,(anonymous_2)
FNF:3
FNH:0
FNDA:0,(anonymous_0)
FNDA:0,(anonymous_1)
FNDA:0,(anonymous_2)
DA:1,0
DA:2,0
DA:92,0
DA:93,0
DA:96,0
LF:5
LH:0
BRDA:92,0,0,0
BRF:1
BRH:0
end_of_record
TN:
SF:src\components\layout\index.ts
FNF:0
FNH:0
LF:0
LH:0
BRF:0
BRH:0
end_of_record
TN:
SF:src\components\layout\Header\Header.tsx
FN:7,(anonymous_0)
FN:16,(anonymous_1)
FN:22,(anonymous_2)
FN:28,(anonymous_3)
FN:32,(anonymous_4)
FN:33,(anonymous_5)
FNF:6
FNH:0
FNDA:0,(anonymous_0)
FNDA:0,(anonymous_1)
FNDA:0,(anonymous_2)
FNDA:0,(anonymous_3)
FNDA:0,(anonymous_4)
FNDA:0,(anonymous_5)
DA:7,0
DA:8,0
DA:9,0
DA:10,0
DA:12,0
DA:13,0
DA:16,0
DA:17,0
DA:18,0
DA:20,0
DA:22,0
DA:23,0
DA:28,0
DA:29,0
DA:32,0
DA:33,0
DA:36,0
LF:17
LH:0
BRDA:17,0,0,0
BRDA:17,0,1,0
BRDA:53,1,0,0
BRDA:53,1,1,0
BRDA:67,2,0,0
BRDA:67,2,1,0
BRDA:82,3,0,0
BRDA:82,3,1,0
BRDA:86,4,0,0
BRDA:86,4,1,0
BRDA:101,5,0,0
BRDA:101,5,1,0
BRDA:111,6,0,0
BRDA:111,6,1,0
BRDA:147,7,0,0
BRDA:147,7,1,0
BRDA:161,8,0,0
BRDA:161,8,1,0
BRDA:174,9,0,0
BRDA:174,9,1,0
BRDA:178,10,0,0
BRDA:178,10,1,0
BRF:22
BRH:0
end_of_record
TN:
SF:src\components\layout\MainLayout\MainLayout.tsx
FN:9,(anonymous_0)
FNF:1
FNH:0
FNDA:0,(anonymous_0)
DA:9,0
DA:10,0
LF:2
LH:0
BRF:0
BRH:0
end_of_record
TN:
SF:src\config\index.ts
FNF:0
FNH:0
LF:0
LH:0
BRF:0
BRH:0
end_of_record
TN:
SF:src\config\countryConfig\COUNTRY_CONFIG.ts
FN:52,(anonymous_0)
FN:70,(anonymous_1)
FNF:2
FNH:0
FNDA:0,(anonymous_0)
FNDA:0,(anonymous_1)
DA:11,0
DA:44,0
DA:52,0
DA:70,0
LF:4
LH:0
BRDA:70,0,0,0
BRDA:70,0,1,0
BRF:2
BRH:0
end_of_record
TN:
SF:src\config\countryConfig\countryConfig.ts
FN:16,(anonymous_0)
FN:20,(anonymous_1)
FN:26,(anonymous_2)
FN:31,(anonymous_3)
FN:39,(anonymous_4)
FN:45,(anonymous_5)
FN:52,(anonymous_6)
FNF:7
FNH:0
FNDA:0,(anonymous_0)
FNDA:0,(anonymous_1)
FNDA:0,(anonymous_2)
FNDA:0,(anonymous_3)
FNDA:0,(anonymous_4)
FNDA:0,(anonymous_5)
FNDA:0,(anonymous_6)
DA:16,0
DA:19,0
DA:20,0
DA:21,0
DA:26,0
DA:27,0
DA:31,0
DA:35,0
DA:39,0
DA:45,0
DA:52,0
DA:55,0
LF:12
LH:0
BRF:0
BRH:0
end_of_record
TN:
SF:src\constants\API_CONSTANTS.ts
FNF:0
FNH:0
DA:6,2
DA:9,2
DA:19,2
LF:3
LH:3
BRF:0
BRH:0
end_of_record
TN:
SF:src\constants\COUNTRY_DATA_SOURCES.ts
FNF:0
FNH:0
DA:5,1
LF:1
LH:1
BRF:0
BRH:0
end_of_record
TN:
SF:src\constants\STATUS_LABELS.ts
FNF:0
FNH:0
DA:1,0
LF:1
LH:0
BRF:0
BRH:0
end_of_record
TN:
SF:src\hooks\index.ts
FNF:0
FNH:0
LF:0
LH:0
BRF:0
BRH:0
end_of_record
TN:
SF:src\hooks\useFavorites\useFavorites.ts
FN:13,(anonymous_0)
FN:14,(anonymous_1)
FN:22,(anonymous_2)
FN:32,(anonymous_3)
FN:33,(anonymous_4)
FNF:5
FNH:5
FNDA:8,(anonymous_0)
FNDA:8,(anonymous_1)
FNDA:16,(anonymous_2)
FNDA:16,(anonymous_3)
FNDA:24,(anonymous_4)
DA:13,1
DA:14,8
DA:16,8
DA:17,8
DA:19,8
DA:22,1
DA:23,16
DA:26,16
DA:32,16
DA:33,16
DA:34,24
DA:38,16
LF:12
LH:12
BRDA:26,0,0,8
BRF:1
BRH:1
end_of_record
TN:
SF:src\hooks\useTrademarks\useTrademarks.ts
FN:12,(anonymous_0)
FN:19,(anonymous_1)
FN:25,(anonymous_2)
FN:35,(anonymous_3)
FN:41,(anonymous_4)
FN:44,(anonymous_5)
FN:47,(anonymous_6)
FNF:7
FNH:7
FNDA:25,(anonymous_0)
FNDA:12,(anonymous_1)
FNDA:19,(anonymous_2)
FNDA:20,(anonymous_3)
FNDA:21,(anonymous_4)
FNDA:2,(anonymous_5)
FNDA:2,(anonymous_6)
DA:12,1
DA:13,25
DA:14,25
DA:17,25
DA:20,12
DA:25,25
DA:26,19
DA:27,8
DA:31,8
DA:35,25
DA:36,20
DA:37,20
DA:41,25
DA:42,21
DA:43,2
DA:44,2
DA:45,2
DA:47,2
DA:51,25
DA:52,25
DA:54,25
LF:21
LH:21
BRDA:26,0,0,11
BRDA:26,0,1,8
BRDA:42,1,0,2
BRDA:42,1,1,19
BRDA:42,2,0,21
BRDA:42,2,1,3
BRDA:57,3,0,25
BRDA:57,3,1,14
BRF:8
BRH:8
end_of_record
TN:
SF:src\pages\index.ts
FNF:0
FNH:0
LF:0
LH:0
BRF:0
BRH:0
end_of_record
TN:
SF:src\pages\FavoritesPage\FavoritesPage.tsx
FN:4,(anonymous_0)
FNF:1
FNH:0
FNDA:0,(anonymous_0)
DA:4,0
DA:5,0
LF:2
LH:0
BRF:0
BRH:0
end_of_record
TN:
SF:src\pages\HomePage\HomePage.tsx
FN:5,(anonymous_0)
FNF:1
FNH:0
FNDA:0,(anonymous_0)
DA:5,0
DA:6,0
LF:2
LH:0
BRF:0
BRH:0
end_of_record
TN:
SF:src\pages\StatisticsPage\StatisticsPage.tsx
FN:7,(anonymous_0)
FNF:1
FNH:0
FNDA:0,(anonymous_0)
DA:7,0
DA:15,0
DA:17,0
DA:19,0
LF:4
LH:0
BRDA:21,0,0,0
BRDA:21,0,1,0
BRDA:24,1,0,0
BRDA:24,1,1,0
BRDA:32,2,0,0
BRDA:32,2,1,0
BRDA:37,3,0,0
BRDA:37,3,1,0
BRDA:42,4,0,0
BRDA:42,4,1,0
BRF:10
BRH:0
end_of_record
TN:
SF:src\pages\StatisticsPage\internal\components\index.ts
FNF:0
FNH:0
LF:0
LH:0
BRF:0
BRH:0
end_of_record
TN:
SF:src\pages\StatisticsPage\internal\components\StatisticsContent\StatisticsContent.tsx
FN:26,(anonymous_0)
FNF:1
FNH:0
FNDA:0,(anonymous_0)
DA:26,0
DA:33,0
LF:2
LH:0
BRF:0
BRH:0
end_of_record
TN:
SF:src\pages\StatisticsPage\internal\hooks\index.ts
FNF:0
FNH:0
LF:0
LH:0
BRF:0
BRH:0
end_of_record
TN:
SF:src\pages\StatisticsPage\internal\hooks\useCountryQueries\useCountryQueries.ts
FN:15,(anonymous_0)
FN:18,(anonymous_1)
FN:18,(anonymous_2)
FN:24,(anonymous_3)
FN:26,(anonymous_4)
FN:33,(anonymous_5)
FN:38,(anonymous_6)
FN:44,(anonymous_7)
FN:45,(anonymous_8)
FN:48,(anonymous_9)
FN:49,(anonymous_10)
FNF:11
FNH:0
FNDA:0,(anonymous_0)
FNDA:0,(anonymous_1)
FNDA:0,(anonymous_2)
FNDA:0,(anonymous_3)
FNDA:0,(anonymous_4)
FNDA:0,(anonymous_5)
FNDA:0,(anonymous_6)
FNDA:0,(anonymous_7)
FNDA:0,(anonymous_8)
FNDA:0,(anonymous_9)
FNDA:0,(anonymous_10)
DA:15,0
DA:17,0
DA:18,0
DA:23,0
DA:24,0
DA:27,0
DA:33,0
DA:34,0
DA:38,0
DA:39,0
DA:41,0
DA:44,0
DA:45,0
DA:46,0
DA:48,0
DA:49,0
DA:52,0
LF:17
LH:0
BRDA:39,0,0,0
BRDA:39,0,1,0
BRF:2
BRH:0
end_of_record
TN:
SF:src\pages\StatisticsPage\internal\hooks\useStatisticsData\useStatisticsData.ts
FN:19,(anonymous_0)
FN:23,(anonymous_1)
FN:28,(anonymous_2)
FN:33,(anonymous_3)
FN:38,(anonymous_4)
FNF:5
FNH:0
FNDA:0,(anonymous_0)
FNDA:0,(anonymous_1)
FNDA:0,(anonymous_2)
FNDA:0,(anonymous_3)
FNDA:0,(anonymous_4)
DA:19,0
DA:22,0
DA:23,0
DA:27,0
DA:28,0
DA:32,0
DA:33,0
DA:37,0
DA:38,0
DA:42,0
LF:10
LH:0
BRF:0
BRH:0
end_of_record
TN:
SF:src\providers\index.ts
FNF:0
FNH:0
LF:0
LH:0
BRF:0
BRH:0
end_of_record
TN:
SF:src\providers\QueryClientProvider\QueryClientProvider.tsx
FN:8,(anonymous_0)
FNF:1
FNH:0
FNDA:0,(anonymous_0)
DA:8,0
DA:9,0
DA:10,0
LF:3
LH:0
BRF:0
BRH:0
end_of_record
TN:
SF:src\stores\index.ts
FNF:0
FNH:0
LF:0
LH:0
BRF:0
BRH:0
end_of_record
TN:
SF:src\stores\trademarkStore\trademarkStore.ts
FN:33,(anonymous_0)
FN:35,(anonymous_1)
FN:40,(anonymous_2)
FN:43,(anonymous_3)
FN:50,(anonymous_4)
FN:55,(anonymous_5)
FN:64,(anonymous_6)
FN:70,(anonymous_7)
FN:71,(anonymous_8)
FN:78,(anonymous_9)
FN:78,(anonymous_10)
FNF:11
FNH:11
FNDA:3,(anonymous_0)
FNDA:21,(anonymous_1)
FNDA:5,(anonymous_2)
FNDA:18,(anonymous_3)
FNDA:19,(anonymous_4)
FNDA:21,(anonymous_5)
FNDA:10,(anonymous_6)
FNDA:3,(anonymous_7)
FNDA:84,(anonymous_8)
FNDA:3,(anonymous_9)
FNDA:3,(anonymous_10)
DA:27,3
DA:31,3
DA:33,3
DA:36,21
DA:41,5
DA:44,18
DA:51,19
DA:56,21
DA:57,21
DA:58,10
DA:60,11
DA:62,21
DA:65,10
DA:70,3
DA:73,84
DA:78,3
DA:79,3
DA:80,0
DA:81,0
DA:83,3
DA:85,3
DA:86,3
DA:90,0
DA:92,0
LF:24
LH:20
BRDA:57,0,0,10
BRDA:57,0,1,11
BRDA:79,1,0,0
BRDA:79,1,1,3
BRDA:83,2,0,3
BRDA:83,2,1,0
BRDA:86,3,0,0
BRDA:86,3,1,3
BRDA:87,4,0,3
BRDA:87,4,1,0
BRF:10
BRH:6
end_of_record
TN:
SF:src\types\index.ts
FNF:0
FNH:0
LF:0
LH:0
BRF:0
BRH:0
end_of_record
TN:
SF:src\types\trademark\trademark.ts
FNF:0
FNH:0
LF:0
LH:0
BRF:0
BRH:0
end_of_record
TN:
SF:src\utils\index.ts
FNF:0
FNH:0
LF:0
LH:0
BRF:0
BRH:0
end_of_record
TN:
SF:src\utils\adapters\trademarkAdapter.ts
FN:10,(anonymous_0)
FN:21,(anonymous_1)
FN:31,(anonymous_2)
FN:56,(anonymous_3)
FN:81,(anonymous_4)
FN:95,(anonymous_5)
FN:99,(anonymous_6)
FNF:7
FNH:7
FNDA:14,(anonymous_0)
FNDA:8,(anonymous_1)
FNDA:14,(anonymous_2)
FNDA:8,(anonymous_3)
FNDA:6,(anonymous_4)
FNDA:3,(anonymous_5)
FNDA:3,(anonymous_6)
DA:10,4
DA:11,14
DA:17,14
DA:21,4
DA:22,8
DA:27,8
DA:31,4
DA:32,14
DA:56,4
DA:57,8
DA:81,4
DA:86,6
DA:87,4
DA:88,2
DA:89,1
DA:91,1
DA:95,4
DA:99,3
LF:18
LH:18
BRDA:17,0,0,14
BRDA:17,0,1,1
BRDA:27,1,0,8
BRDA:27,1,1,1
BRDA:34,2,0,14
BRDA:34,2,1,2
BRDA:34,2,2,1
BRDA:46,3,0,14
BRDA:46,3,1,0
BRDA:47,4,0,14
BRDA:47,4,1,0
BRDA:71,5,0,8
BRDA:71,5,1,0
BRDA:73,6,0,8
BRDA:73,6,1,0
BRDA:86,7,0,4
BRDA:86,7,1,2
BRDA:88,8,0,1
BRDA:88,8,1,1
BRF:19
BRH:15
end_of_record
TN:
SF:src\utils\api\trademarkApi.ts
FN:11,(anonymous_0)
FN:16,(anonymous_1)
FNF:2
FNH:0
FNDA:0,(anonymous_0)
FNDA:0,(anonymous_1)
DA:11,2
DA:16,0
DA:18,0
DA:19,0
LF:4
LH:1
BRDA:13,0,0,0
BRF:1
BRH:0
end_of_record
TN:
SF:src\utils\cn\cn.ts
FN:4,cn
FNF:1
FNH:0
FNDA:0,cn
DA:5,0
LF:1
LH:0
BRF:0
BRH:0
end_of_record
TN:
SF:src\utils\date\formatDate.ts
FN:2,(anonymous_0)
FNF:1
FNH:0
FNDA:0,(anonymous_0)
DA:2,3
DA:3,0
DA:5,0
DA:6,0
DA:7,0
DA:9,0
LF:6
LH:1
BRDA:3,0,0,0
BRDA:3,0,1,0
BRDA:3,1,0,0
BRDA:3,1,1,0
BRF:4
BRH:0
end_of_record
TN:
SF:src\utils\date\parseDate.ts
FN:2,parseDate
FNF:1
FNH:0
FNDA:0,parseDate
DA:3,0
LF:1
LH:0
BRF:0
BRH:0
end_of_record
TN:
SF:src\utils\filters\trademarkFilter.ts
FN:3,(anonymous_0)
FN:7,(anonymous_1)
FNF:2
FNH:2
FNDA:28,(anonymous_0)
FNDA:150,(anonymous_1)
DA:3,4
DA:7,28
DA:9,150
DA:10,5
DA:14,145
DA:15,22
DA:17,22
DA:19,22
DA:21,22
DA:22,15
DA:27,130
DA:31,8
DA:35,122
DA:36,8
DA:37,4
DA:42,118
DA:43,9
DA:44,9
DA:45,5
DA:48,113
DA:49,5
DA:50,5
DA:51,3
DA:55,110
LF:24
LH:24
BRDA:9,0,0,5
BRDA:9,0,1,145
BRDA:9,1,0,150
BRDA:9,1,1,102
BRDA:14,2,0,22
BRDA:14,2,1,123
BRDA:17,3,0,22
BRDA:17,3,1,0
BRDA:19,4,0,22
BRDA:19,4,1,7
BRDA:21,5,0,15
BRDA:21,5,1,7
BRDA:21,6,0,22
BRDA:21,6,1,17
BRDA:27,7,0,8
BRDA:27,7,1,122
BRDA:28,8,0,130
BRDA:28,8,1,9
BRDA:35,9,0,8
BRDA:35,9,1,114
BRDA:35,10,0,122
BRDA:35,10,1,11
BRDA:36,11,0,4
BRDA:36,11,1,4
BRDA:42,12,0,9
BRDA:42,12,1,109
BRDA:44,13,0,5
BRDA:44,13,1,4
BRDA:48,14,0,5
BRDA:48,14,1,108
BRDA:50,15,0,3
BRDA:50,15,1,2
BRF:32
BRH:31
end_of_record
TN:
SF:src\utils\sortTrademarks\sortTrademarks.ts
FN:5,(anonymous_0)
FN:14,(anonymous_1)
FN:21,(anonymous_2)
FNF:3
FNH:3
FNDA:17,(anonymous_0)
FNDA:86,(anonymous_1)
FNDA:11,(anonymous_2)
DA:5,4
DA:9,17
DA:11,17
DA:14,13
DA:16,86
DA:21,4
DA:22,11
DA:26,0
LF:8
LH:7
BRDA:11,0,0,13
BRDA:11,0,1,4
BRDA:11,0,2,0
BRF:3
BRH:2
end_of_record
TN:
SF:src\utils\statistics\aggregateStatistics.ts
FN:9,(anonymous_0)
FN:16,(anonymous_1)
FN:17,(anonymous_2)
FN:36,(anonymous_3)
FN:38,(anonymous_4)
FN:47,(anonymous_5)
FN:48,(anonymous_6)
FN:57,(anonymous_7)
FN:64,(anonymous_8)
FN:65,(anonymous_9)
FN:82,(anonymous_10)
FN:86,(anonymous_11)
FN:95,(anonymous_12)
FN:102,(anonymous_13)
FN:103,(anonymous_14)
FN:104,(anonymous_15)
FN:116,(anonymous_16)
FN:118,(anonymous_17)
FN:127,(anonymous_18)
FN:129,(anonymous_19)
FN:138,(anonymous_20)
FN:141,(anonymous_21)
FN:186,(anonymous_22)
FN:188,(anonymous_23)
FN:195,(anonymous_24)
FN:196,(anonymous_25)
FN:203,(anonymous_26)
FN:216,(anonymous_27)
FNF:28
FNH:28
FNDA:10,(anonymous_0)
FNDA:13,(anonymous_1)
FNDA:20,(anonymous_2)
FNDA:14,(anonymous_3)
FNDA:19,(anonymous_4)
FNDA:5,(anonymous_5)
FNDA:14,(anonymous_6)
FNDA:5,(anonymous_7)
FNDA:7,(anonymous_8)
FNDA:9,(anonymous_9)
FNDA:7,(anonymous_10)
FNDA:5,(anonymous_11)
FNDA:5,(anonymous_12)
FNDA:7,(anonymous_13)
FNDA:23,(anonymous_14)
FNDA:24,(anonymous_15)
FNDA:22,(anonymous_16)
FNDA:25,(anonymous_17)
FNDA:18,(anonymous_18)
FNDA:17,(anonymous_19)
FNDA:7,(anonymous_20)
FNDA:9,(anonymous_21)
FNDA:35,(anonymous_22)
FNDA:45,(anonymous_23)
FNDA:9,(anonymous_24)
FNDA:9,(anonymous_25)
FNDA:12,(anonymous_26)
FNDA:35,(anonymous_27)
DA:9,4
DA:12,10
DA:13,10
DA:16,10
DA:17,13
DA:19,20
DA:20,20
DA:27,10
DA:35,10
DA:37,14
DA:38,19
DA:41,14
DA:47,5
DA:48,14
DA:57,4
DA:60,5
DA:61,5
DA:64,5
DA:65,7
DA:66,9
DA:67,9
DA:69,9
DA:70,9
DA:72,9
DA:81,5
DA:82,7
DA:86,5
DA:95,4
DA:98,5
DA:99,5
DA:102,5
DA:103,7
DA:104,23
DA:106,24
DA:107,24
DA:115,5
DA:117,22
DA:118,25
DA:121,22
DA:127,18
DA:129,17
DA:138,4
DA:141,7
DA:142,9
DA:143,8
DA:146,8
DA:148,6
DA:149,6
DA:155,6
DA:163,6
DA:165,6
DA:167,6
DA:169,5
DA:171,0
DA:175,7
DA:183,7
DA:184,7
DA:186,7
DA:187,35
DA:188,35
DA:189,45
DA:191,35
DA:195,7
DA:196,9
DA:197,9
DA:201,9
DA:202,5
DA:203,12
DA:205,5
DA:206,5
DA:207,5
DA:216,35
LF:72
LH:71
BRDA:19,0,0,20
BRDA:19,0,1,14
BRDA:22,1,0,20
BRDA:22,1,1,15
BRDA:38,2,0,19
BRDA:38,2,1,4
BRDA:42,3,0,14
BRDA:42,3,1,1
BRDA:47,4,0,5
BRDA:47,4,1,0
BRDA:47,5,0,5
BRDA:47,5,1,0
BRDA:67,6,0,9
BRDA:67,6,1,7
BRDA:74,7,0,9
BRDA:74,7,1,8
BRDA:76,8,0,9
BRDA:76,8,1,8
BRDA:76,9,0,4
BRDA:76,9,1,5
BRDA:106,10,0,24
BRDA:106,10,1,22
BRDA:109,11,0,24
BRDA:109,11,1,22
BRDA:118,12,0,25
BRDA:118,12,1,3
BRDA:127,13,0,18
BRDA:127,13,1,0
BRDA:127,14,0,18
BRDA:127,14,1,0
BRDA:142,15,0,1
BRDA:142,15,1,8
BRDA:142,16,0,9
BRDA:142,16,1,8
BRDA:143,17,0,0
BRDA:143,17,1,8
BRDA:143,18,0,8
BRDA:143,18,1,8
BRDA:146,19,0,2
BRDA:146,19,1,6
BRDA:146,20,0,8
BRDA:146,20,1,6
BRDA:163,21,0,0
BRDA:163,21,1,6
BRDA:163,22,0,6
BRDA:163,22,1,6
BRDA:167,23,0,1
BRDA:167,23,1,5
BRDA:201,24,0,5
BRDA:201,24,1,4
BRDA:203,25,0,12
BRDA:203,25,1,12
BRDA:205,26,0,5
BRDA:205,26,1,0
BRDA:209,27,0,5
BRDA:209,27,1,5
BRF:56
BRH:49
end_of_record
TN:
SF:src\utils\statistics\chartColors.ts
FN:26,(anonymous_0)
FN:38,(anonymous_1)
FN:44,(anonymous_2)
FNF:3
FNH:0
FNDA:0,(anonymous_0)
FNDA:0,(anonymous_1)
FNDA:0,(anonymous_2)
DA:5,3
DA:17,3
DA:26,3
DA:30,0
DA:31,0
DA:34,0
DA:38,3
DA:41,0
DA:42,0
DA:44,0
DA:45,0
DA:46,0
DA:48,0
DA:49,0
DA:53,0
LF:15
LH:4
BRDA:28,0,0,0
BRDA:30,1,0,0
BRDA:30,1,1,0
BRDA:45,2,0,0
BRDA:45,2,1,0
BRF:5
BRH:0
end_of_record
